A1
[[332, 5.0, 25876], [1, 53502, 1/1, 0.4869630744414844], 6.664656]
[[332, 5.0, 25876], [2, 53502, 1/1, 2.6707963037705458], 12.403937]
[[49, 5.0, 82567], [1, 59723, 1/1, 1.8608845857778968], 0.757252]
[[49, 5.0, 82567], [2, 59723, 1/1, 2.134919457697831], 1.34312]
[[332, 5.0, 25876], [3, 53502, 1/1, 7.39123595791186], 17.998435]
[[49, 5.0, 82567], [3, 59723, 1/1, 3.1257058604910224], 1.969984]
[[49, 5.0, 82567], [4, 59723, 1/1, 5.134376126797853], 2.399106]
[[332, 5.0, 25876], [4, 53502, 1/1, 11.340134436985362], 23.770282]
[[49, 5.0, 82567], [5, 59723, 1/1, 6.352201627547541], 3.172619]
[[49, 5.0, 82567], [6, 59723, 1/2, 7.87991637905212], 4.242356]
[[49, 5.0, 82567], [7, 59723, 1/2, 8.252166156884744], 4.951745]
[[49, 5.0, 82567], [8, 59723, 1/2, 9.51201130665348], 6.023741]
[[332, 5.0, 25876], [5, 53502, 1/1, 16.72276100886448], 36.473941]
[[49, 5.0, 82567], [9, 59723, 1/2, 11.049057830814464], 6.6686]
[[49, 5.0, 82567], [10, 59723, 1/2, 12.189883964553882], 7.903159]
[[49, 5.0, 82567], [11, 59723, 1/2, 13.480582521288003], 9.244172]
[[49, 5.0, 82567], [12, 59723, 1/2, 16.10430680132511], 11.150117]
[[49, 5.0, 82567], [13, 59723, 1/2, 17.029172635694206], 13.027037]
[[49, 5.0, 82567], [14, 59723, 1/2, 19.502034833460588], 15.628086]
[[143, 5.0, 79777], [1, 71775, 1/1, 1.7350921616500423], 5.384862]
[[49, 5.0, 82567], [15, 59723, 19/39, 20.598564270846634], 19.52641]
[[143, 5.0, 79777], [2, 71775, 1/1, 3.8035536494786824], 11.172356]
[[332, 5.0, 25876], [6, 53502, 1/1, 19.769101900481996], 77.681745]
[[49, 5.0, 82567], [16, 59723, 19/41, 21.100388983514218], 26.853675]
[[143, 5.0, 79777], [3, 71775, 1/1, 4.909693952925554], 15.671197]
[[143, 5.0, 79777], [4, 71775, 1/1, 7.110622716650232], 24.230557]
[[143, 5.0, 79777], [5, 71775, 1/2, 10.925749044347622], 33.94671]
[[143, 5.0, 79777], [6, 71775, 1/2, 11.540589256083816], 45.743634]
[[143, 5.0, 79777], [7, 71775, 1/2, 13.577492832685005], 52.898279]
[[143, 5.0, 79777], [8, 71775, 1/2, 18.688793730279777], 66.542332]
[[332, 5.0, 25876], [7, 53502, 1/2, 22.419859607505295], 165.128032]
[[143, 5.0, 79777], [9, 71775, 1/2, 22.152788076894954], 75.476378]
[[143, 5.0, 79777], [10, 71775, 1/2, 24.936577598966764], 89.105292]
[[143, 5.0, 79777], [11, 71775, 1/2, 28.393607992141543], 105.591216]
[[58, 5.0, 77194], [1, 60432, 1/1, 3.1554682671618064], 2.626012]
[[58, 5.0, 77194], [2, 60432, 1/1, 5.037691260760764], 4.912032]
[[332, 5.0, 25876], [8, 53502, 1/2, 24.682466234502925], 281.22803]
[[143, 5.0, 79777], [12, 71775, 1/2, 31.17519136732802], 135.292102]
[[58, 5.0, 77194], [3, 60432, 1/1, 7.013439332340123], 6.902656]
[[58, 5.0, 77194], [4, 60432, 1/1, 8.502416359913564], 10.935773]
[[58, 5.0, 77194], [5, 60432, 1/2, 9.865195733119052], 15.10227]
[[58, 5.0, 77194], [6, 60432, 1/2, 12.14531112171875], 18.176173]
[[58, 5.0, 77194], [7, 60432, 1/2, 13.261657858179419], 19.66456]
[[58, 5.0, 77194], [8, 60432, 1/2, 15.019134838270524], 20.973895]
[[143, 5.0, 79777], [13, 71775, 1/2, 32.805211014061946], 180.028984]
[[58, 5.0, 77194], [9, 60432, 1/2, 17.039479690250076], 23.878846]
[[58, 5.0, 77194], [10, 60432, 1/3, 17.262424593951476], 26.9963]
[[58, 5.0, 77194], [11, 60432, 1/3, 19.65934207317571], 30.385261]
[[332, 5.0, 25876], [9, 53502, 1/2, 25.11572512892684], 382.914076]
[[58, 5.0, 77194], [12, 60432, 1/3, 22.428307592536015], 30.602525]
[[143, 5.0, 79777], [14, 71775, 1/2, 34.2564679727821], 213.421722]
[[58, 5.0, 77194], [13, 60432, 1/3, 25.676395329271255], 33.256388]
[[58, 5.0, 77194], [14, 60432, 1/3, 27.242412850672252], 35.652156]
[[408, 5.0, 72554], [1, 12720, 1/1, 4.875594226411626], 26.05777]
[[58, 5.0, 77194], [15, 60432, 1/4, 28.746978334560477], 35.169145]
[[143, 5.0, 79777], [15, 71775, 1/2, 39.75362508445837], 239.084319]
[[58, 5.0, 77194], [16, 60432, 1/5, 31.129470418134648], 36.788997]
[[408, 5.0, 72554], [2, 12720, 1/1, 12.92423675093081], 47.676006]
[[408, 5.0, 72554], [3, 12720, 1/1, 17.448577343385463], 67.860518]
[[143, 5.0, 79777], [16, 71775, 1/2, 42.774431482875734], 256.832626]
[[332, 5.0, 25876], [10, 53502, 1/2, 25.721272733979692], 502.250806]
[[408, 5.0, 72554], [4, 12720, 1/1, 24.097323996103388], 113.479878]
[[408, 5.0, 72554], [5, 12720, 1/1, 28.365084370263443], 226.847698]
[[332, 5.0, 25876], [11, 53502, 1/2, 29.149401566215655], 685.166155]
[[408, 5.0, 72554], [6, 12720, 1/1, 31.65796581172152], 351.009044]
[[332, 5.0, 25876], [12, 53502, 1/2, 31.4216693557693], 894.350784]
[[30, 5.0, 8323], [1, 88467, 1/1, 0.527311870464284], 1.577739]
[[30, 5.0, 8323], [2, 88467, 1/1, 2.4391419794453397], 2.439811]
[[30, 5.0, 8323], [3, 88467, 1/1, 3.0870932246802596], 3.367401]
[[30, 5.0, 8323], [4, 88467, 1/2, 4.485476721258408], 4.123101]
[[408, 5.0, 72554], [7, 12720, 1/1, 38.3367274156793], 508.703335]
[[30, 5.0, 8323], [5, 88467, 1/2, 6.035104053952206], 4.757237]
[[30, 5.0, 8323], [6, 88467, 1/2, 6.750369306530743], 6.554799]
[[30, 5.0, 8323], [7, 88467, 1/2, 8.499158885449717], 7.222976]
[[30, 5.0, 8323], [8, 88467, 1/3, 9.762667001836602], 9.077921]
[[30, 5.0, 8323], [9, 88467, 1/3, 11.893724965211991], 10.290664]
[[30, 5.0, 8323], [10, 88467, 1/3, 12.550778527661794], 11.355614]
[[30, 5.0, 8323], [11, 88467, 1/3, 13.305706915999256], 14.008137]
[[30, 5.0, 8323], [12, 88467, 1/3, 15.22318955755887], 15.883713]
[[30, 5.0, 8323], [13, 88467, 1/3, 15.869752145440438], 17.663566]
[[30, 5.0, 8323], [14, 88467, 1/3, 16.86919717451556], 21.396404]
[[30, 5.0, 8323], [15, 88467, 1/3, 17.466713069179416], 22.390369]
[[30, 5.0, 8323], [16, 88467, 1/3, 18.2709404497238], 24.027684]
[[202, 5.0, 96498], [1, 74541, 1/1, 1.007426643294249], 13.916814]
[[202, 5.0, 96498], [2, 74541, 1/1, 4.161938459046501], 25.261984]
[[202, 5.0, 96498], [3, 74541, 1/1, 4.903282835465893], 38.74655]
[[332, 5.0, 25876], [13, 53502, 1/2, 33.21921204359859], 1140.52886]
[[202, 5.0, 96498], [4, 74541, 1/1, 9.739699839751758], 51.622104]
[[202, 5.0, 96498], [5, 74541, 1/2, 12.237759165707622], 66.207535]
[[408, 5.0, 72554], [8, 12720, 1/1, 43.61634239866198], 770.56455]
[[202, 5.0, 96498], [6, 74541, 1/2, 13.675079365512172], 76.408459]
[[202, 5.0, 96498], [7, 74541, 1/2, 17.267677088977756], 92.443743]
[[202, 5.0, 96498], [8, 74541, 1/2, 18.225502801396228], 114.691162]
[[332, 5.0, 25876], [14, 53502, 1/2, 39.02929956414707], 1345.272913]
[[202, 5.0, 96498], [9, 74541, 1/2, 21.5228379533519], 161.325851]
[[202, 5.0, 96498], [10, 74541, 1/2, 22.804751867884008], 210.8155]
[[408, 5.0, 72554], [9, 12720, 1/2, 51.43710574576589], 1052.105826]
[[202, 5.0, 96498], [11, 74541, 1/2, 26.724487536470384], 267.422243]
[[172, 5.0, 63707], [1, 85024, 1/1, 0.8269473517810231], 10.243292]
[[172, 5.0, 63707], [2, 85024, 1/1, 2.93466949677102], 19.626991]
[[172, 5.0, 63707], [3, 85024, 1/1, 5.459201152113925], 29.475757]
[[332, 5.0, 25876], [15, 53502, 1/2, 43.199877306001014], 1622.136844]
[[202, 5.0, 96498], [12, 74541, 1/2, 32.10393592868165], 320.385791]
[[172, 5.0, 63707], [4, 85024, 1/1, 7.080975871080861], 37.526383]
[[172, 5.0, 63707], [5, 85024, 1/1, 11.932210211157692], 50.440067]
[[172, 5.0, 63707], [6, 85024, 1/1, 12.710708082306047], 58.747003]
[[202, 5.0, 96498], [13, 74541, 1/2, 33.377196184711586], 378.502071]
[[172, 5.0, 63707], [7, 85024, 1/1, 15.064855637273716], 72.030572]
[[172, 5.0, 63707], [8, 85024, 1/1, 18.148844474819764], 81.781298]
[[408, 5.0, 72554], [10, 12720, 1/2, 54.80328649891053], 1331.651351]
[[172, 5.0, 63707], [9, 85024, 1/1, 20.584775142169995], 85.588872]
[[202, 5.0, 96498], [14, 74541, 1/2, 37.41261132417347], 443.211447]
[[172, 5.0, 63707], [10, 85024, 1/1, 24.17397081901395], 103.571466]
[[332, 5.0, 25876], [16, 53502, 1/2, 48.43571135292461], 1868.736437]
[[172, 5.0, 63707], [11, 85024, 1/1, 25.111435890028012], 138.012219]
[[223, 5.0, 17242], [1, 62599, 1/1, 3.1399861441423713], 12.609774]
[[223, 5.0, 17242], [2, 62599, 1/1, 7.379458825106042], 23.939806]
[[202, 5.0, 96498], [15, 74541, 1/2, 41.43257187771802], 478.358093]
[[223, 5.0, 17242], [3, 62599, 1/1, 9.000828463262682], 35.063675]
[[172, 5.0, 63707], [12, 85024, 1/1, 25.771514456561448], 172.634907]
[[223, 5.0, 17242], [4, 62599, 1/1, 12.702276383017125], 52.412888]
[[223, 5.0, 17242], [5, 62599, 1/1, 16.58890928469114], 68.55589]
[[172, 5.0, 63707], [13, 85024, 1/1, 26.493546624451056], 215.249459]
[[223, 5.0, 17242], [6, 62599, 1/1, 22.122678488584473], 84.150701]
[[202, 5.0, 96498], [16, 74541, 1/2, 43.944754004068685], 546.460881]
[[223, 5.0, 17242], [7, 62599, 1/1, 23.987944233895654], 96.80338]
[[172, 5.0, 63707], [14, 85024, 15/16, 30.136456811905166], 252.843877]
[[408, 5.0, 72554], [11, 12720, 1/2, 56.472277747663355], 1616.487168]
[[223, 5.0, 17242], [8, 62599, 1/1, 29.874743169863475], 125.25359]
[[172, 5.0, 63707], [15, 85024, 5/6, 33.200121157597565], 291.59331]
[[41, 5.0, 29438], [1, 6666, 1/1, 0.7689658670620526], 1.681423]
[[41, 5.0, 29438], [2, 6666, 1/1, 2.9750332872954957], 2.791587]
[[41, 5.0, 29438], [3, 6666, 1/1, 4.0955207507163305], 3.442093]
[[41, 5.0, 29438], [4, 6666, 1/1, 4.981011792913648], 5.266637]
[[172, 5.0, 63707], [16, 85024, 1/2, 36.21014016153388], 318.831128]
[[41, 5.0, 29438], [5, 6666, 1/2, 5.726168911081106], 6.81333]
[[223, 5.0, 17242], [9, 62599, 6/7, 34.58324850498177], 163.205145]
[[41, 5.0, 29438], [6, 6666, 1/2, 8.013449431287656], 7.520474]
[[41, 5.0, 29438], [7, 6666, 1/2, 8.721442621856351], 10.700701]
[[41, 5.0, 29438], [8, 6666, 1/2, 9.983937232625097], 11.736582]
[[41, 5.0, 29438], [9, 6666, 1/2, 12.261819450371744], 13.693978]
[[41, 5.0, 29438], [10, 6666, 1/2, 15.255263706414327], 16.32183]
[[41, 5.0, 29438], [11, 6666, 1/2, 16.23726046424079], 18.292976]
[[41, 5.0, 29438], [12, 6666, 1/2, 18.034260172219582], 20.842381]
[[41, 5.0, 29438], [13, 6666, 1/2, 19.156986286155977], 22.498371]
[[41, 5.0, 29438], [14, 6666, 1/2, 20.647695094769666], 26.015617]
[[223, 5.0, 17242], [10, 62599, 3/4, 38.973620288529006], 227.87786]
[[34, 5.0, 732], [1, 25460, 1/1, 1.6180811848456345], 1.474643]
[[41, 5.0, 29438], [15, 6666, 1/3, 22.752571312344333], 28.080007]
[[34, 5.0, 732], [2, 25460, 1/1, 2.665219502755374], 2.418695]
[[34, 5.0, 732], [3, 25460, 1/2, 3.045829025372469], 3.49778]
[[41, 5.0, 29438], [16, 6666, 1/3, 24.088478270462094], 31.310291]
[[34, 5.0, 732], [4, 25460, 1/2, 4.462266870403891], 4.395496]
[[34, 5.0, 732], [5, 25460, 1/2, 5.438093478420424], 5.595273]
[[34, 5.0, 732], [6, 25460, 1/2, 6.43308845033543], 6.574025]
[[34, 5.0, 732], [7, 25460, 1/2, 7.086501398018427], 7.595875]
[[34, 5.0, 732], [8, 25460, 1/2, 7.570177580811422], 9.345348]
[[34, 5.0, 732], [9, 25460, 1/3, 9.31776033082152], 9.981317]
[[34, 5.0, 732], [10, 25460, 1/3, 9.801436513614515], 11.494093]
[[34, 5.0, 732], [11, 25460, 1/3, 11.087863865721916], 12.459415]
[[34, 5.0, 732], [12, 25460, 1/3, 12.602341315679473], 13.522392]
[[34, 5.0, 732], [13, 25460, 1/3, 14.08167784984942], 14.53597]
[[223, 5.0, 17242], [11, 62599, 3/4, 39.43159694198844], 281.166477]
[[34, 5.0, 732], [14, 25460, 2/7, 14.731825878653678], 16.347709]
[[151, 5.0, 27979], [1, 4055, 1/1, 5.63291222122462], 7.257159]
[[34, 5.0, 732], [15, 25460, 2/9, 16.934040909389964], 17.347236]
[[151, 5.0, 27979], [2, 4055, 1/1, 8.552810560160143], 12.729812]
[[34, 5.0, 732], [16, 25460, 2/11, 19.21744962955692], 19.025206]
[[151, 5.0, 27979], [3, 4055, 1/1, 10.523721195883523], 18.473093]
[[151, 5.0, 27979], [4, 4055, 1/1, 14.349235340675314], 24.163406]
[[151, 5.0, 27979], [5, 4055, 1/1, 15.98474178871162], 31.439727]
[[151, 5.0, 27979], [6, 4055, 1/1, 17.788131107379762], 38.182726]
[[151, 5.0, 27979], [7, 4055, 1/1, 18.950720389650616], 41.068775]
[[151, 5.0, 27979], [8, 4055, 1/1, 20.7068791071575], 48.978043]
[[223, 5.0, 17242], [12, 62599, 2/3, 44.91143057554491], 345.534106]
[[151, 5.0, 27979], [9, 4055, 1/1, 21.715890549220696], 54.360591]
[[408, 5.0, 72554], [12, 12720, 1/2, 57.87273467758358], 1911.057656]
[[151, 5.0, 27979], [10, 4055, 1/1, 24.518444361726786], 57.821877]
[[156, 5.0, 56948], [1, 36546, 1/1, 1.9193466785431215], 6.889346]
[[151, 5.0, 27979], [11, 4055, 3/4, 29.318941468697155], 67.708168]
[[223, 5.0, 17242], [13, 62599, 12/19, 46.24362783590033], 394.349516]
[[156, 5.0, 56948], [2, 36546, 1/1, 4.640482770298776], 12.216196]
[[151, 5.0, 27979], [12, 4055, 3/4, 34.81842379352211], 75.486996]
[[156, 5.0, 56948], [3, 36546, 1/1, 6.7577531478241415], 18.272031]
[[156, 5.0, 56948], [4, 36546, 1/1, 10.942231541768322], 25.886275]
[[156, 5.0, 56948], [5, 36546, 1/1, 12.675455318602808], 37.020533]
[[151, 5.0, 27979], [13, 4055, 3/4, 37.37598821443727], 98.8958]
[[156, 5.0, 56948], [6, 36546, 1/2, 14.701222142011506], 42.921311]
[[223, 5.0, 17242], [14, 62599, 1/2, 47.53428930579453], 455.834311]
[[156, 5.0, 56948], [7, 36546, 1/2, 17.93182260171619], 54.114019]
[[151, 5.0, 27979], [14, 4055, 3/4, 39.81056757652063], 127.17873]
[[156, 5.0, 56948], [8, 36546, 1/2, 21.774947104791124], 56.822679]
[[156, 5.0, 56948], [9, 36546, 1/2, 23.41692918058827], 69.526226]
[[151, 5.0, 27979], [15, 4055, 1/2, 41.208626309700776], 159.437243]
[[156, 5.0, 56948], [10, 36546, 1/2, 26.529557938608843], 78.917866]
[[151, 5.0, 27979], [16, 4055, 1/2, 42.48661121073196], 178.349647]
[[345, 5.0, 87696], [1, 24890, 1/1, 0.47799358841566036], 17.62957]
[[156, 5.0, 56948], [11, 36546, 1/2, 27.341766714351735], 106.977403]
[[345, 5.0, 87696], [2, 24890, 1/1, 2.0609294717858497], 32.459371]
[[223, 5.0, 17242], [15, 62599, 1/2, 49.60146703545287], 549.944253]
[[345, 5.0, 87696], [3, 24890, 1/1, 8.831846601884031], 49.04286]
[[156, 5.0, 56948], [12, 36546, 1/2, 30.62568116250928], 135.846557]
[[345, 5.0, 87696], [4, 24890, 1/1, 12.14377665832455], 71.618877]
[[408, 5.0, 72554], [13, 12720, 1/2, 60.843157057634635], 2160.498335]
[[156, 5.0, 56948], [13, 36546, 1/2, 35.07817153608278], 160.557241]
[[156, 5.0, 56948], [14, 36546, 1/2, 38.29742288746282], 194.335475]
[[345, 5.0, 87696], [5, 24890, 1/1, 16.018888880396425], 118.732831]
[[223, 5.0, 17242], [16, 62599, 1/2, 52.560601315219195], 631.378457]
[[156, 5.0, 56948], [15, 36546, 1/2, 41.48225016682604], 232.380349]
[[345, 5.0, 87696], [6, 24890, 1/1, 18.776317627347265], 186.457946]
[[103, 5.0, 13481], [1, 59864, 1/1, 2.778487410706382], 3.927269]
[[103, 5.0, 13481], [2, 59864, 1/1, 4.996443809119006], 7.504186]
[[156, 5.0, 56948], [16, 36546, 1/2, 45.24221599347823], 269.186801]
[[103, 5.0, 13481], [3, 59864, 1/1, 5.620635214262583], 11.156103]
[[103, 5.0, 13481], [4, 59864, 1/1, 8.147662058435428], 14.710377]
[[103, 5.0, 13481], [5, 59864, 1/1, 10.450777201271352], 18.799677]
[[103, 5.0, 13481], [6, 59864, 1/1, 14.818183060339944], 24.328569]
[[103, 5.0, 13481], [7, 59864, 1/2, 19.24168087013231], 28.428882]
[[345, 5.0, 87696], [7, 24890, 1/1, 19.32419027398992], 273.139622]
[[103, 5.0, 13481], [8, 59864, 1/2, 21.202650054767226], 35.584823]
[[103, 5.0, 13481], [9, 59864, 1/2, 22.564130370608176], 42.202846]
[[103, 5.0, 13481], [10, 59864, 1/2, 23.47338266500235], 52.760391]
[[103, 5.0, 13481], [11, 59864, 1/2, 27.0908551429633], 58.242364]
[[103, 5.0, 13481], [12, 59864, 1/2, 29.297110943671342], 65.528419]
[[345, 5.0, 87696], [8, 24890, 1/1, 21.6097313675678], 400.778774]
[[103, 5.0, 13481], [13, 59864, 1/2, 33.1419602565016], 72.305437]
[[103, 5.0, 13481], [14, 59864, 1/2, 37.59570111774849], 81.500766]
[[454, 5.0, 62946], [1, 72209, 1/1, 6.534682365868606], 34.812316]
[[103, 5.0, 13481], [15, 59864, 1/2, 40.901305218076814], 94.052895]
[[103, 5.0, 13481], [16, 59864, 1/2, 42.37403158096427], 98.744461]
[[454, 5.0, 62946], [2, 72209, 1/1, 12.01539264385616], 68.586722]
[[454, 5.0, 62946], [3, 72209, 1/1, 15.448151793806689], 95.277042]
[[345, 5.0, 87696], [9, 24890, 1/1, 28.05483732912331], 562.166981]
[[454, 5.0, 62946], [4, 72209, 1/1, 19.08964604153758], 188.027898]
[[408, 5.0, 72554], [14, 12720, 1/2, 65.10406435109084], 2714.967528]
[[345, 5.0, 87696], [10, 24890, 1/1, 33.321204301763295], 765.157476]
[[454, 5.0, 62946], [5, 72209, 1/1, 22.904227112831197], 315.661427]
[[454, 5.0, 62946], [6, 72209, 1/1, 27.682879222416773], 462.432811]
[[408, 5.0, 72554], [15, 12720, 1/2, 68.5934175232866], 2981.663681]
[[345, 5.0, 87696], [11, 24890, 1/1, 38.08091075057345], 1007.076053]
[[454, 5.0, 62946], [7, 72209, 1/1, 30.167924904176978], 680.268019]
[[345, 5.0, 87696], [12, 24890, 1/1, 41.11443044754216], 1234.499521]
[[454, 5.0, 62946], [8, 72209, 1/1, 31.420275015859186], 910.154791]
[[408, 5.0, 72554], [16, 12720, 1/2, 72.82999942370128], 3387.723808]
[[345, 5.0, 87696], [13, 24890, 1/1, 45.808702856599616], 1445.651142]
[[454, 5.0, 62946], [9, 72209, 1/1, 36.074726413888314], 1055.427556]
[[345, 5.0, 87696], [14, 24890, 1/1, 51.64658924993016], 1661.513003]
[[345, 5.0, 87696], [15, 24890, 1/1, 57.60192938683997], 1733.348069]
[[454, 5.0, 62946], [10, 72209, 1/2, 42.5311807304466], 1171.800066]
[[109, 5.0, 60607], [1, 22350, 1/1, 2.3852084277210923], 1.84434]
[[109, 5.0, 60607], [2, 22350, 1/1, 4.818524794129862], 3.360817]
[[109, 5.0, 60607], [3, 22350, 1/1, 8.243208113225565], 4.817339]
[[109, 5.0, 60607], [4, 22350, 1/1, 11.859645207279717], 6.06916]
[[110, 5.0, 71858], [1, 10673, 1/1, 3.6896564246372288], 2.061671]
[[109, 5.0, 60607], [5, 22350, 1/1, 13.827776135890657], 7.734914]
[[109, 5.0, 60607], [6, 22350, 1/1, 15.850094781644215], 9.298207]
[[110, 5.0, 71858], [2, 10673, 1/1, 4.3294323383360735], 3.712126]
[[109, 5.0, 60607], [7, 22350, 1/1, 18.54178929956204], 11.25892]
[[110, 5.0, 71858], [3, 10673, 1/1, 4.820259077893588], 5.595691]
[[109, 5.0, 60607], [8, 22350, 1/1, 22.5519553846226], 13.503132]
[[109, 5.0, 60607], [9, 22350, 1/2, 23.638829071712507], 15.158784]
[[110, 5.0, 71858], [4, 10673, 1/1, 7.937232364048443], 7.284731]
[[109, 5.0, 60607], [10, 22350, 1/2, 27.444799998502273], 17.229092]
[[110, 5.0, 71858], [5, 10673, 1/1, 9.98470548883413], 9.105554]
[[109, 5.0, 60607], [11, 22350, 1/2, 28.024351975867255], 20.17273]
[[109, 5.0, 60607], [12, 22350, 1/2, 31.29420210168106], 21.853445]
[[110, 5.0, 71858], [6, 10673, 1/1, 12.558614044675638], 11.486749]
[[109, 5.0, 60607], [13, 22350, 1/2, 35.30401008544899], 24.315178]
[[110, 5.0, 71858], [7, 10673, 1/1, 14.514212555117412], 13.379339]
[[109, 5.0, 60607], [14, 22350, 1/2, 37.84488545010009], 27.428694]
[[110, 5.0, 71858], [8, 10673, 1/2, 17.56214937027624], 15.42045]
[[109, 5.0, 60607], [15, 22350, 1/2, 41.60149210677984], 29.352175]
[[110, 5.0, 71858], [9, 10673, 1/2, 18.568643020214], 16.881086]
[[358, 5.0, 71748], [1, 40446, 1/1, 0.1445324713359984], 8.927803]
[[110, 5.0, 71858], [10, 10673, 1/2, 21.45379533542944], 18.151891]
[[109, 5.0, 60607], [16, 22350, 1/2, 43.129733490136296], 34.108312]
[[110, 5.0, 71858], [11, 10673, 1/2, 22.67033504374705], 21.254377]
[[110, 5.0, 71858], [12, 10673, 1/2, 26.23349156572321], 23.166558]
[[358, 5.0, 71748], [2, 40446, 1/1, 6.593232079182206], 16.169099]
[[110, 5.0, 71858], [13, 10673, 1/2, 28.460690488375537], 24.993962]
[[110, 5.0, 71858], [14, 10673, 1/2, 31.91393212735977], 27.991116]
[[358, 5.0, 71748], [3, 40446, 1/1, 8.992972745519788], 24.940477]
[[110, 5.0, 71858], [15, 10673, 1/2, 33.320451989719], 30.891539]
[[39, 5.0, 37292], [1, 54939, 1/1, 2.2874473623626774], 0.740758]
[[39, 5.0, 37292], [2, 54939, 1/1, 4.089039299427215], 0.994813]
[[110, 5.0, 71858], [16, 10673, 1/2, 35.12468160556602], 35.168108]
[[39, 5.0, 37292], [3, 54939, 1/1, 5.068611060798739], 1.541152]
[[39, 5.0, 37292], [4, 54939, 6/7, 7.523397736455067], 1.963286]
[[358, 5.0, 71748], [4, 40446, 1/1, 11.55652343073019], 33.238554]
[[39, 5.0, 37292], [5, 54939, 3/4, 8.348827110378132], 2.523387]
[[39, 5.0, 37292], [6, 54939, 3/5, 10.33149353526591], 3.270787]
[[39, 5.0, 37292], [7, 54939, 1/2, 12.066709363799767], 3.501059]
[[39, 5.0, 37292], [8, 54939, 6/13, 13.323392131671115], 4.293099]
[[39, 5.0, 37292], [9, 54939, 6/13, 13.606958609735377], 5.301532]
[[39, 5.0, 37292], [10, 54939, 6/13, 14.122420199895615], 5.716527]
[[39, 5.0, 37292], [11, 54939, 2/5, 15.972962914704382], 6.757642]
[[39, 5.0, 37292], [12, 54939, 2/5, 16.984244505675303], 8.652458]
[[39, 5.0, 37292], [13, 54939, 1/3, 17.20550359714049], 9.238073]
[[358, 5.0, 71748], [5, 40446, 1/1, 14.369608469121456], 62.956058]
[[39, 5.0, 37292], [14, 54939, 1/3, 18.82745021893904], 10.309049]
[[40, 5.0, 1897], [1, 33307, 1/1, 1.7773662823033327], 0.974833]
[[40, 5.0, 1897], [2, 33307, 1/1, 3.019056163993076], 1.50537]
[[39, 5.0, 37292], [15, 54939, 6/19, 20.15006899703155], 11.694239]
[[40, 5.0, 1897], [3, 33307, 1/1, 4.404855533772473], 2.299662]
[[39, 5.0, 37292], [16, 54939, 3/10, 21.837691792909073], 14.054818]
[[40, 5.0, 1897], [4, 33307, 1/1, 5.693087640868189], 2.744249]
[[40, 5.0, 1897], [5, 33307, 1/2, 7.816981178047829], 3.876489]
[[40, 5.0, 1897], [6, 33307, 1/2, 8.98333477970051], 4.386244]
[[40, 5.0, 1897], [7, 33307, 1/2, 10.402458930032896], 5.414808]
[[40, 5.0, 1897], [8, 33307, 1/2, 11.258135769511854], 6.226483]
[[40, 5.0, 1897], [9, 33307, 1/2, 12.447672579628433], 7.935206]
[[40, 5.0, 1897], [10, 33307, 1/2, 14.02985181526335], 9.078913]
[[40, 5.0, 1897], [11, 33307, 1/2, 15.202555268660431], 9.936855]
[[40, 5.0, 1897], [12, 33307, 1/2, 17.23597291126282], 12.564618]
[[40, 5.0, 1897], [13, 33307, 1/3, 19.248480996172507], 14.427097]
[[40, 5.0, 1897], [14, 33307, 1/3, 20.249802153525742], 16.294421]
[[44, 5.0, 76554], [1, 78793, 1/1, 0.7923562289080905], 1.644467]
[[40, 5.0, 1897], [15, 33307, 1/3, 21.548765473500648], 16.797664]
[[44, 5.0, 76554], [2, 78793, 1/1, 1.7362922315093454], 3.385541]
[[40, 5.0, 1897], [16, 33307, 1/3, 22.85977722304918], 19.052655]
[[44, 5.0, 76554], [3, 78793, 1/1, 2.3870131775808825], 5.016071]
[[358, 5.0, 71748], [6, 40446, 1/1, 18.311415318961373], 125.914349]
[[44, 5.0, 76554], [4, 78793, 1/1, 3.9732329733888507], 5.785426]
[[44, 5.0, 76554], [5, 78793, 1/2, 6.132753285889665], 8.095475]
[[44, 5.0, 76554], [6, 78793, 1/2, 7.221440253510198], 9.808159]
[[44, 5.0, 76554], [7, 78793, 1/2, 8.33234605095306], 11.795342]
[[44, 5.0, 76554], [8, 78793, 1/2, 9.685608942777897], 13.902927]
[[44, 5.0, 76554], [9, 78793, 1/3, 10.532047103685104], 16.378979]
[[44, 5.0, 76554], [10, 78793, 1/3, 12.701987120348242], 20.10253]
[[44, 5.0, 76554], [11, 78793, 1/3, 14.500795829865433], 22.353413]
[[44, 5.0, 76554], [12, 78793, 1/3, 17.194250813703196], 27.386161]
[[44, 5.0, 76554], [13, 78793, 1/3, 19.072765821989833], 29.980894]
[[44, 5.0, 76554], [14, 78793, 1/3, 19.20157251979878], 33.953061]
[[240, 5.0, 69329], [1, 21804, 1/1, 3.691236429880449], 17.562704]
[[44, 5.0, 76554], [15, 78793, 1/3, 20.101174484892905], 37.661065]
[[240, 5.0, 69329], [2, 21804, 1/1, 7.345465773310402], 28.847492]
[[44, 5.0, 76554], [16, 78793, 1/3, 21.283702220457453], 44.419909]
[[240, 5.0, 69329], [3, 21804, 1/1, 10.090940431851271], 42.792947]
[[358, 5.0, 71748], [7, 40446, 1/1, 25.67721229874811], 246.549451]
[[240, 5.0, 69329], [4, 21804, 1/1, 14.228697595791576], 53.691609]
[[240, 5.0, 69329], [5, 21804, 1/1, 16.34318016523565], 69.253548]
[[240, 5.0, 69329], [6, 21804, 1/1, 18.410985080366267], 91.015382]
[[240, 5.0, 69329], [7, 21804, 1/1, 24.464147493915338], 115.212679]
[[358, 5.0, 71748], [8, 40446, 1/1, 33.01844438456448], 359.87986]
[[240, 5.0, 69329], [8, 21804, 1/1, 27.282883805442392], 173.877376]
[[240, 5.0, 69329], [9, 21804, 1/1, 32.72409431627072], 233.281519]
[[240, 5.0, 69329], [10, 21804, 1/1, 35.049307962197155], 305.758136]
[[358, 5.0, 71748], [9, 40446, 1/1, 37.03076302861602], 588.504776]
[[171, 5.0, 61564], [1, 12456, 1/1, 4.761835556888314], 10.835124]
[[171, 5.0, 61564], [2, 12456, 1/1, 10.328947951571077], 18.96425]
[[171, 5.0, 61564], [3, 12456, 1/1, 14.383901007010234], 29.120676]
[[171, 5.0, 61564], [4, 12456, 1/1, 17.833936844440338], 39.076701]
[[240, 5.0, 69329], [11, 21804, 1/1, 38.11034175859351], 381.796894]
[[171, 5.0, 61564], [5, 12456, 1/1, 22.103187668143], 50.364922]
[[171, 5.0, 61564], [6, 12456, 1/2, 24.053949639433352], 63.246661]
[[171, 5.0, 61564], [7, 12456, 1/2, 27.13088550328517], 77.381632]
[[240, 5.0, 69329], [12, 21804, 1/1, 42.706923752458536], 458.585803]
[[171, 5.0, 61564], [8, 12456, 1/2, 30.458320059282983], 88.500318]
[[171, 5.0, 61564], [9, 12456, 1/2, 33.60092102032956], 96.182665]
[[358, 5.0, 71748], [10, 40446, 1/1, 42.91126195116298], 843.015936]
[[240, 5.0, 69329], [13, 21804, 1/1, 44.81434057968712], 527.979839]
[[171, 5.0, 61564], [10, 12456, 1/2, 36.45894900209707], 115.048756]
[[171, 5.0, 61564], [11, 12456, 1/2, 40.92073669619003], 155.861902]
[[240, 5.0, 69329], [14, 21804, 1/2, 49.102451753200775], 604.370542]
[[400, 5.0, 46197], [1, 76717, 1/1, 3.815497202188648], 28.420053]
[[171, 5.0, 61564], [12, 12456, 1/2, 44.89139147230931], 191.890688]
[[400, 5.0, 46197], [2, 76717, 1/1, 11.56732946241108], 61.365083]
[[400, 5.0, 46197], [3, 76717, 1/1, 16.380230047228533], 89.031153]
[[171, 5.0, 61564], [13, 12456, 1/2, 48.34544581740575], 234.20174]
[[358, 5.0, 71748], [11, 40446, 1/1, 46.555836571113], 1094.363482]
[[400, 5.0, 46197], [4, 76717, 1/1, 24.002898444049784], 142.365209]
[[171, 5.0, 61564], [14, 12456, 1/3, 52.928177568592986], 277.019226]
[[240, 5.0, 69329], [15, 21804, 1/2, 54.68413498515692], 714.698217]
[[171, 5.0, 61564], [15, 12456, 1/3, 55.99258463925083], 313.248827]
[[171, 5.0, 61564], [16, 12456, 1/3, 56.771011402494324], 347.253686]
[[400, 5.0, 46197], [5, 76717, 1/1, 27.43911021249104], 212.805221]
[[240, 5.0, 69329], [16, 21804, 1/2, 57.21177540073219], 814.957181]
[[358, 5.0, 71748], [12, 40446, 1/1, 47.48790268405511], 1338.988694]
[[400, 5.0, 46197], [6, 76717, 1/1, 32.7372740340371], 316.921926]
[[120, 5.0, 39525], [1, 73832, 1/1, 1.6076718148433036], 6.046355]
[[120, 5.0, 39525], [2, 73832, 1/1, 3.699366726381851], 11.525935]
[[120, 5.0, 39525], [3, 73832, 1/1, 6.058083080165655], 17.662529]
[[120, 5.0, 39525], [4, 73832, 1/1, 6.499541817904424], 26.012095]
[[400, 5.0, 46197], [7, 76717, 1/1, 33.681377386225876], 431.587811]
[[120, 5.0, 39525], [5, 73832, 1/1, 9.744937609754835], 29.044565]
[[120, 5.0, 39525], [6, 73832, 1/1, 11.797647928047732], 38.375112]
[[120, 5.0, 39525], [7, 73832, 5/6, 14.699144901804079], 49.842136]
[[358, 5.0, 71748], [13, 40446, 1/1, 49.19898470926618], 1596.533772]
[[120, 5.0, 39525], [8, 73832, 5/6, 18.767858687879915], 58.021342]
[[120, 5.0, 39525], [9, 73832, 5/6, 21.482940258573734], 67.60575]
[[120, 5.0, 39525], [10, 73832, 5/6, 26.028517876216124], 81.383597]
[[120, 5.0, 39525], [11, 73832, 5/6, 30.886408508762262], 96.029101]
[[400, 5.0, 46197], [8, 76717, 1/1, 37.89973728826281], 661.095776]
[[120, 5.0, 39525], [12, 73832, 5/7, 34.433471774044605], 108.57493]
[[120, 5.0, 39525], [13, 73832, 5/7, 35.12324502863889], 111.50754]
[[35, 5.0, 8542], [1, 57050, 1/1, 2.345919048046447], 1.516579]
[[35, 5.0, 8542], [2, 57050, 3/4, 4.393877709697335], 2.493894]
[[35, 5.0, 8542], [3, 57050, 3/4, 4.959905474837424], 3.913645]
[[35, 5.0, 8542], [4, 57050, 3/4, 5.55498594645556], 4.832771]
[[35, 5.0, 8542], [5, 57050, 1/3, 7.980414277361283], 6.632179]
[[120, 5.0, 39525], [14, 73832, 1/2, 39.27531535767719], 133.091639]
[[35, 5.0, 8542], [6, 57050, 1/3, 8.842431440766829], 7.341548]
[[35, 5.0, 8542], [7, 57050, 1/3, 10.525835934166926], 9.718608]
[[35, 5.0, 8542], [8, 57050, 1/3, 12.572104969538561], 10.900711]
[[35, 5.0, 8542], [9, 57050, 1/3, 13.111399541097203], 13.198023]
[[35, 5.0, 8542], [10, 57050, 1/3, 14.396070519933927], 13.395455]
[[358, 5.0, 71748], [14, 40446, 1/1, 57.62823212826571], 1920.735322]
[[35, 5.0, 8542], [11, 57050, 1/3, 14.885817017905042], 13.883403]
[[120, 5.0, 39525], [15, 73832, 1/2, 41.72205514741208], 166.657124]
[[35, 5.0, 8542], [12, 57050, 1/3, 17.01995453447654], 17.778895]
[[35, 5.0, 8542], [13, 57050, 1/3, 18.131221812089176], 16.740434]
[[35, 5.0, 8542], [14, 57050, 1/3, 19.418413459934524], 18.67039]
[[35, 5.0, 8542], [15, 57050, 1/3, 19.990868454791435], 19.895171]
[[120, 5.0, 39525], [16, 73832, 1/2, 45.570422493029305], 189.501443]
[[252, 5.0, 42240], [1, 83083, 1/1, 2.396606716836485], 14.593579]
[[35, 5.0, 8542], [16, 57050, 1/3, 20.96113784487239], 20.949042]
[[252, 5.0, 42240], [2, 83083, 1/1, 5.334143353202721], 27.655522]
[[252, 5.0, 42240], [3, 83083, 1/1, 9.23614802293236], 38.847927]
[[252, 5.0, 42240], [4, 83083, 1/1, 10.379007897876653], 51.77886]
[[400, 5.0, 46197], [9, 76717, 1/1, 41.870706837154685], 904.195559]
[[252, 5.0, 42240], [5, 83083, 1/1, 16.402553580289773], 67.31964]
[[252, 5.0, 42240], [6, 83083, 1/1, 19.041717115518058], 81.840077]
[[252, 5.0, 42240], [7, 83083, 1/1, 23.489935841071958], 126.52611]
[[252, 5.0, 42240], [8, 83083, 1/1, 25.212975991358043], 197.176721]
[[358, 5.0, 71748], [15, 40446, 1/2, 64.1777143025895], 2234.811002]
[[252, 5.0, 42240], [9, 83083, 1/1, 29.647955039649766], 276.019969]
[[400, 5.0, 46197], [10, 76717, 1/1, 43.759726757049506], 1205.86077]
[[70, 5.0, 63409], [1, 27361, 1/1, 1.3305907454415378], 3.939975]
[[70, 5.0, 63409], [2, 27361, 1/1, 1.819534966398347], 6.450866]
[[70, 5.0, 63409], [3, 27361, 1/1, 4.36684134256323], 9.227938]
[[252, 5.0, 42240], [10, 83083, 1/1, 35.960444412670576], 347.207583]
[[70, 5.0, 63409], [4, 27361, 1/1, 5.057569728906536], 12.266169]
[[70, 5.0, 63409], [5, 27361, 1/1, 5.716825224698907], 17.028698]
[[70, 5.0, 63409], [6, 27361, 1/1, 6.137829393064204], 20.291934]
[[70, 5.0, 63409], [7, 27361, 1/1, 7.847759830093269], 24.072065]
[[70, 5.0, 63409], [8, 27361, 1/1, 9.198698462125028], 27.026401]
[[70, 5.0, 63409], [9, 27361, 8/11, 10.28779703098628], 31.354793]
[[252, 5.0, 42240], [11, 83083, 14/15, 43.375628310298765], 434.904555]
[[70, 5.0, 63409], [10, 27361, 8/11, 12.736310791876535], 38.394134]
[[70, 5.0, 63409], [11, 27361, 1/2, 14.887672099160515], 42.971434]
[[358, 5.0, 71748], [16, 40446, 1/2, 65.91255320420558], 2523.800356]
[[70, 5.0, 63409], [12, 27361, 1/2, 16.837781719980516], 46.671512]
[[70, 5.0, 63409], [13, 27361, 1/2, 19.12545430651929], 48.724714]
[[61, 5.0, 1619], [1, 96659, 1/1, 2.2136215184408927], 2.744317]
[[252, 5.0, 42240], [12, 83083, 1/2, 45.62052554640888], 506.525662]
[[61, 5.0, 1619], [2, 96659, 1/2, 3.4509703433271097], 5.402838]
[[61, 5.0, 1619], [3, 96659, 1/2, 4.33154908229648], 7.711088]
[[70, 5.0, 63409], [14, 27361, 1/2, 20.218644078487987], 49.879027]
[[400, 5.0, 46197], [11, 76717, 1/1, 51.43756233819268], 1445.232228]
[[61, 5.0, 1619], [4, 96659, 1/2, 5.47957988252881], 8.862294]
[[70, 5.0, 63409], [15, 27361, 1/2, 22.42033325016874], 54.051541]
[[70, 5.0, 63409], [16, 27361, 1/3, 24.870198410398903], 57.368538]
[[61, 5.0, 1619], [5, 96659, 1/3, 7.370909256682149], 11.522308]
[[61, 5.0, 1619], [6, 96659, 1/3, 8.656509792401005], 14.082]
[[61, 5.0, 1619], [7, 96659, 1/3, 10.361261086114116], 15.88489]
[[61, 5.0, 1619], [8, 96659, 1/3, 11.846090346311293], 18.287373]
[[61, 5.0, 1619], [9, 96659, 1/3, 15.079778295179485], 21.654115]
[[61, 5.0, 1619], [10, 96659, 1/3, 16.89648547659521], 23.581874]
[[61, 5.0, 1619], [11, 96659, 1/3, 18.741240020861053], 25.603904]
[[61, 5.0, 1619], [12, 96659, 1/3, 20.199218469883306], 30.48425]
[[61, 5.0, 1619], [13, 96659, 1/3, 23.51150267280827], 31.936574]
[[356, 5.0, 65432], [1, 75501, 1/1, 5.115222352820091], 19.909832]
[[61, 5.0, 1619], [14, 96659, 1/3, 24.813456675084787], 34.234273]
[[61, 5.0, 1619], [15, 96659, 1/3, 27.821083410911232], 40.365865]
[[61, 5.0, 1619], [16, 96659, 1/3, 30.05019163072752], 43.313426]
[[356, 5.0, 65432], [2, 75501, 1/1, 8.762770100067208], 36.717859]
[[356, 5.0, 65432], [3, 75501, 1/1, 10.706647196441676], 51.586909]
[[252, 5.0, 42240], [13, 83083, 1/2, 50.24161787101533], 604.989183]
[[356, 5.0, 65432], [4, 75501, 1/1, 16.446211922312166], 71.189231]
[[356, 5.0, 65432], [5, 75501, 1/1, 20.07132974167621], 135.375759]
[[356, 5.0, 65432], [6, 75501, 1/1, 25.004240319106337], 233.286486]
[[252, 5.0, 42240], [14, 83083, 1/2, 57.21548365352908], 721.96602]
[[356, 5.0, 65432], [7, 75501, 1/1, 28.338598643816685], 335.838119]
