A1
[[31, 2.0, 33229], [1, 46537, 1/2, 2.290866119707792], 0.192989]
[[31, 2.0, 33229], [2, 46537, 1/2, 3.4183634172310455], 0.294296]
[[31, 2.0, 33229], [3, 46537, 1/4, 5.136016413246575], 0.415393]
[[31, 2.0, 33229], [4, 46537, 1/4, 6.5799210648219315], 0.591456]
[[31, 2.0, 33229], [5, 46537, 1/5, 7.952836318359526], 0.687745]
[[31, 2.0, 33229], [6, 46537, 1/5, 10.861411683784937], 0.804673]
[[31, 2.0, 33229], [7, 46537, 1/5, 11.737731322228582], 0.912637]
[[31, 2.0, 33229], [8, 46537, 1/7, 13.31631669252557], 0.988235]
[[31, 2.0, 33229], [9, 46537, 1/9, 15.050771741070573], 1.213235]
[[31, 2.0, 33229], [10, 46537, 1/11, 17.67285381205636], 1.355358]
[[31, 2.0, 33229], [11, 46537, 1/11, 19.899871041146135], 1.471498]
[[31, 2.0, 33229], [12, 46537, 1/11, 22.16650246449784], 1.587008]
[[31, 2.0, 33229], [13, 46537, 1/11, 22.747830992520694], 1.757558]
[[31, 2.0, 33229], [14, 46537, 1/13, 24.95467074668359], 1.843795]
[[31, 2.0, 33229], [15, 46537, 1/13, 25.605243316239644], 2.103492]
[[76, 2.0, 59334], [1, 29915, 1/1, 4.881660753009128], 0.715119]
[[76, 2.0, 59334], [2, 29915, 1/1, 6.021635285888401], 1.230282]
[[76, 2.0, 59334], [3, 29915, 7/10, 8.065318529430337], 1.685937]
[[31, 2.0, 33229], [16, 46537, 1/13, 27.96185091365662], 2.202605]
[[76, 2.0, 59334], [4, 29915, 1/2, 8.859353118002291], 2.118967]
[[76, 2.0, 59334], [5, 29915, 1/2, 12.021413121597625], 2.642193]
[[35, 2.0, 21178], [1, 26126, 1/2, 1.8436897765529212], 0.313105]
[[76, 2.0, 59334], [6, 29915, 3/8, 15.001940357952003], 3.392443]
[[35, 2.0, 21178], [2, 26126, 1/2, 3.0658691673603307], 0.563191]
[[76, 2.0, 59334], [7, 29915, 3/10, 18.639662507294535], 3.953128]
[[35, 2.0, 21178], [3, 26126, 1/4, 6.242642896120493], 0.757261]
[[76, 2.0, 59334], [8, 29915, 1/4, 22.613878542565907], 4.465683]
[[35, 2.0, 21178], [4, 26126, 1/6, 8.48677799127973], 0.900971]
[[76, 2.0, 59334], [9, 29915, 1/4, 23.263252647942387], 4.996825]
[[76, 2.0, 59334], [10, 29915, 3/14, 25.60200599648146], 5.548512]
[[35, 2.0, 21178], [5, 26126, 1/6, 9.91986152341466], 1.17241]
[[35, 2.0, 21178], [6, 26126, 1/6, 10.199912416945109], 1.427915]
[[76, 2.0, 59334], [11, 29915, 3/16, 29.118022348505427], 6.275238]
[[35, 2.0, 21178], [7, 26126, 1/8, 11.907693708300876], 1.638819]
[[35, 2.0, 21178], [8, 26126, 1/8, 12.528913514048709], 1.854896]
[[76, 2.0, 59334], [12, 29915, 1/6, 33.697830650579924], 6.931308]
[[35, 2.0, 21178], [9, 26126, 1/9, 14.481274368233926], 2.21351]
[[76, 2.0, 59334], [13, 29915, 3/20, 35.54849579664825], 7.667564]
[[35, 2.0, 21178], [10, 26126, 1/9, 15.01050633994886], 2.315939]
[[76, 2.0, 59334], [14, 29915, 3/20, 36.35172785028546], 8.301367]
[[35, 2.0, 21178], [11, 26126, 1/11, 18.11906363225183], 2.630481]
[[35, 2.0, 21178], [12, 26126, 1/11, 18.56850528878858], 2.941077]
[[181, 2.0, 43972], [1, 74514, 1/1, 2.5758306101862325], 1.707871]
[[76, 2.0, 59334], [15, 29915, 3/22, 40.31380058748573], 8.899789]
[[35, 2.0, 21178], [13, 26126, 1/13, 21.61151052152031], 3.253668]
[[35, 2.0, 21178], [14, 26126, 1/13, 23.18384035622909], 3.432219]
[[35, 2.0, 21178], [15, 26126, 1/14, 25.725475114070086], 3.538263]
[[76, 2.0, 59334], [16, 29915, 1/8, 44.798097777979464], 9.497706]
[[181, 2.0, 43972], [2, 74514, 1/1, 10.171686301025995], 3.026339]
[[35, 2.0, 21178], [16, 26126, 1/14, 26.783170250014194], 4.031389]
[[181, 2.0, 43972], [3, 74514, 1/2, 12.924879755776592], 4.176273]
[[181, 2.0, 43972], [4, 74514, 1/2, 20.710433149840934], 5.486503]
[[181, 2.0, 43972], [5, 74514, 1/3, 29.874963919424836], 6.435301]
[[394, 2.0, 12156], [1, 17224, 1/1, 2.945609980665035], 3.752213]
[[181, 2.0, 43972], [6, 74514, 1/3, 37.08853604135683], 7.648988]
[[181, 2.0, 43972], [7, 74514, 1/4, 43.4204750937608], 8.838099]
[[181, 2.0, 43972], [8, 74514, 1/5, 51.618391411364044], 10.0475]
[[394, 2.0, 12156], [2, 17224, 1/2, 7.455528391845059], 6.709701]
[[181, 2.0, 43972], [9, 74514, 1/5, 53.44094125213807], 11.41246]
[[181, 2.0, 43972], [10, 74514, 1/5, 54.847842222640686], 12.588872]
[[394, 2.0, 12156], [3, 17224, 1/2, 17.986159179903478], 10.131441]
[[181, 2.0, 43972], [11, 74514, 1/5, 56.824757555676044], 14.873344]
[[181, 2.0, 43972], [12, 74514, 1/6, 59.67856679900335], 15.909615]
[[181, 2.0, 43972], [13, 74514, 1/6, 63.225492150013295], 17.197144]
[[394, 2.0, 12156], [4, 17224, 1/2, 20.712401456889623], 12.350789]
[[181, 2.0, 43972], [14, 74514, 1/7, 68.12583861184102], 19.631037]
[[181, 2.0, 43972], [15, 74514, 1/7, 72.18830377946601], 20.989542]
[[47, 2.0, 83710], [1, 11181, 1/1, 2.7469292047599643], 0.390137]
[[394, 2.0, 12156], [5, 17224, 1/2, 22.205154359474754], 15.44095]
[[181, 2.0, 43972], [16, 74514, 1/8, 74.7149924761562], 21.800829]
[[47, 2.0, 83710], [2, 11181, 1/1, 3.8001683396950723], 0.599424]
[[47, 2.0, 83710], [3, 11181, 3/4, 6.997130233927866], 0.842269]
[[47, 2.0, 83710], [4, 11181, 3/4, 7.978405993250395], 1.149857]
[[47, 2.0, 83710], [5, 11181, 1/2, 9.699763622426246], 1.409466]
[[394, 2.0, 12156], [6, 17224, 1/4, 28.01507601730594], 19.279396]
[[47, 2.0, 83710], [6, 11181, 5/11, 11.219716538090406], 1.65959]
[[47, 2.0, 83710], [7, 11181, 7/17, 14.663038231941941], 1.816653]
[[47, 2.0, 83710], [8, 11181, 5/16, 17.94650388142531], 2.206747]
[[47, 2.0, 83710], [9, 11181, 5/17, 19.506472562629604], 2.4553]
[[47, 2.0, 83710], [10, 11181, 1/4, 21.653143892254825], 2.751912]
[[394, 2.0, 12156], [7, 17224, 1/4, 32.25105424666305], 22.117881]
[[47, 2.0, 83710], [11, 11181, 3/14, 22.974693055588553], 3.293649]
[[47, 2.0, 83710], [12, 11181, 3/16, 26.3833545365269], 3.53214]
[[47, 2.0, 83710], [13, 11181, 5/27, 28.879393517015266], 3.746231]
[[52, 2.0, 24115], [1, 12895, 1/1, 3.726252616352107], 0.533227]
[[52, 2.0, 24115], [2, 12895, 1/2, 7.922119100344922], 0.90885]
[[47, 2.0, 83710], [14, 11181, 5/29, 30.640813924444004], 4.128418]
[[394, 2.0, 12156], [8, 17224, 1/4, 36.55549712361646], 26.187293]
[[47, 2.0, 83710], [15, 11181, 1/6, 31.703626916671773], 4.602072]
[[52, 2.0, 24115], [3, 12895, 1/2, 11.667921635269295], 1.091891]
[[47, 2.0, 83710], [16, 11181, 1/6, 32.058349028356034], 4.830614]
[[52, 2.0, 24115], [4, 12895, 1/3, 13.730817623513614], 1.554418]
[[52, 2.0, 24115], [5, 12895, 1/3, 15.871418664871937], 1.897708]
[[52, 2.0, 24115], [6, 12895, 2/7, 17.234871842236814], 2.338878]
[[394, 2.0, 12156], [9, 17224, 1/6, 42.36680020897194], 29.54762]
[[52, 2.0, 24115], [7, 12895, 2/9, 21.765897958517222], 2.797419]
[[52, 2.0, 24115], [8, 12895, 2/9, 23.47534208820755], 3.376055]
[[52, 2.0, 24115], [9, 12895, 2/11, 26.092194754622213], 3.7052]
[[52, 2.0, 24115], [10, 12895, 2/13, 29.512917437326358], 4.433528]
[[52, 2.0, 24115], [11, 12895, 2/13, 30.318694503250974], 4.670147]
[[52, 2.0, 24115], [12, 12895, 2/13, 31.641531657836936], 5.079165]
[[52, 2.0, 24115], [13, 12895, 2/15, 34.45313014621985], 5.44983]
[[52, 2.0, 24115], [14, 12895, 2/17, 36.535057045968564], 5.785006]
[[365, 2.0, 19677], [1, 22230, 1/1, 9.826158549771495], 4.296345]
[[52, 2.0, 24115], [15, 12895, 2/19, 39.83933913153547], 6.151008]
[[52, 2.0, 24115], [16, 12895, 2/19, 42.12357302454794], 7.360231]
[[394, 2.0, 12156], [10, 17224, 1/6, 47.8439280810277], 39.624757]
[[365, 2.0, 19677], [2, 22230, 1/2, 16.424773255540387], 8.119235]
[[365, 2.0, 19677], [3, 22230, 1/3, 22.388776137884694], 12.019127]
[[365, 2.0, 19677], [4, 22230, 1/3, 27.25716556541982], 17.044552]
[[394, 2.0, 12156], [11, 17224, 1/6, 51.97760301547452], 56.323514]
[[365, 2.0, 19677], [5, 22230, 1/4, 33.84796638689384], 22.240225]
[[365, 2.0, 19677], [6, 22230, 1/5, 44.80230551503053], 29.429144]
[[365, 2.0, 19677], [7, 22230, 1/5, 51.92828267909794], 34.409923]
[[231, 2.0, 74802], [1, 35310, 1/1, 4.5071020292892285], 3.226407]
[[365, 2.0, 19677], [8, 22230, 1/5, 56.34637715483304], 41.763228]
[[394, 2.0, 12156], [12, 17224, 1/6, 56.946573002629954], 81.029491]
[[365, 2.0, 19677], [9, 22230, 1/5, 65.34575421500837], 47.232132]
[[231, 2.0, 74802], [2, 35310, 1/1, 12.631235773004136], 6.502917]
[[231, 2.0, 74802], [3, 35310, 3/4, 14.430304026627553], 7.858448]
[[231, 2.0, 74802], [4, 35310, 3/4, 17.841462656053466], 11.495148]
[[365, 2.0, 19677], [10, 22230, 1/6, 73.01364230019962], 59.148059]
[[231, 2.0, 74802], [5, 35310, 1/2, 23.456079787993296], 15.184593]
[[231, 2.0, 74802], [6, 35310, 1/2, 28.508670097375756], 17.052719]
[[394, 2.0, 12156], [13, 17224, 1/6, 68.98797379655873], 109.968873]
[[231, 2.0, 74802], [7, 35310, 1/3, 34.400981551957635], 20.913956]
[[365, 2.0, 19677], [11, 22230, 1/6, 81.79393174513268], 79.291992]
[[231, 2.0, 74802], [8, 35310, 1/3, 37.32722657131721], 25.533662]
[[231, 2.0, 74802], [9, 35310, 1/4, 47.32844772091318], 31.208354]
[[394, 2.0, 12156], [14, 17224, 1/6, 78.2844427719644], 136.092525]
[[231, 2.0, 74802], [10, 35310, 1/4, 54.31251714127284], 34.510627]
[[365, 2.0, 19677], [12, 22230, 1/7, 94.90631682316247], 101.037464]
[[418, 2.0, 68764], [1, 68355, 1/1, 7.5015992950368044], 8.42183]
[[231, 2.0, 74802], [11, 35310, 1/5, 61.457679812340295], 40.758916]
[[231, 2.0, 74802], [12, 35310, 1/6, 67.93093387720869], 43.536475]
[[418, 2.0, 68764], [2, 68355, 3/4, 13.185097861054725], 15.637768]
[[231, 2.0, 74802], [13, 35310, 1/7, 71.32382183821876], 46.63741]
[[394, 2.0, 12156], [15, 17224, 1/6, 82.36115293855771], 163.178238]
[[418, 2.0, 68764], [3, 68355, 1/2, 19.22925805038036], 19.875977]
[[231, 2.0, 74802], [14, 35310, 1/7, 73.30652335008135], 50.563768]
[[418, 2.0, 68764], [4, 68355, 1/2, 32.114623896353834], 25.721059]
[[365, 2.0, 19677], [13, 22230, 1/8, 106.8068025494839], 127.347786]
[[231, 2.0, 74802], [15, 35310, 1/7, 77.79533420658238], 51.947087]
[[418, 2.0, 68764], [5, 68355, 1/2, 47.05931584034563], 31.882635]
[[231, 2.0, 74802], [16, 35310, 1/8, 82.67896146875165], 51.381684]
[[394, 2.0, 12156], [16, 17224, 1/6, 89.50824871300452], 186.373285]
[[63, 2.0, 6047], [1, 36056, 1/1, 3.3665992938361833], 0.681742]
[[418, 2.0, 68764], [6, 68355, 1/2, 49.88623108957597], 32.594742]
[[63, 2.0, 6047], [2, 36056, 1/2, 5.505964435976158], 1.083547]
[[63, 2.0, 6047], [3, 36056, 1/3, 7.977263808448132], 1.697228]
[[365, 2.0, 19677], [14, 22230, 1/9, 113.28941704379761], 142.574207]
[[63, 2.0, 6047], [4, 36056, 1/3, 10.5236427789138], 1.979581]
[[63, 2.0, 6047], [5, 36056, 2/7, 12.966860486262629], 2.570757]
[[418, 2.0, 68764], [7, 68355, 1/4, 61.38419980245979], 37.417955]
[[63, 2.0, 6047], [6, 36056, 2/7, 14.00091987986957], 2.841729]
[[63, 2.0, 6047], [7, 36056, 2/7, 16.085835015861512], 3.423935]
[[418, 2.0, 68764], [8, 68355, 1/4, 64.15420348268478], 40.26]
[[63, 2.0, 6047], [8, 36056, 2/7, 18.959790539256073], 3.873671]
[[63, 2.0, 6047], [9, 36056, 7/25, 21.983982264750765], 4.039289]
[[63, 2.0, 6047], [10, 36056, 7/26, 23.223494810606635], 4.727631]
[[365, 2.0, 19677], [15, 22230, 1/9, 117.9085798683905], 152.74416]
[[63, 2.0, 6047], [11, 36056, 7/26, 27.230231652013604], 5.533008]
[[63, 2.0, 6047], [12, 36056, 7/26, 28.91518416350246], 6.137228]
[[63, 2.0, 6047], [13, 36056, 2/9, 31.56405018792264], 6.513803]
[[63, 2.0, 6047], [14, 36056, 2/9, 32.96089461276849], 7.864445]
[[418, 2.0, 68764], [9, 68355, 1/4, 73.4250142187674], 51.226829]
[[63, 2.0, 6047], [15, 36056, 2/11, 37.647818474944025], 8.140457]
[[473, 2.0, 53928], [1, 93344, 1/1, 5.08275939007255], 5.817475]
[[63, 2.0, 6047], [16, 36056, 2/13, 39.3013469770227], 8.929244]
[[365, 2.0, 19677], [16, 22230, 1/9, 126.36311936525853], 161.376156]
[[473, 2.0, 53928], [2, 93344, 3/4, 13.4938409078175], 10.986225]
[[473, 2.0, 53928], [3, 93344, 1/2, 20.07171043881531], 16.262523]
[[418, 2.0, 68764], [10, 68355, 1/4, 79.2690112854887], 68.094576]
[[473, 2.0, 53928], [4, 93344, 3/8, 33.56952716385997], 22.649122]
[[473, 2.0, 53928], [5, 93344, 3/8, 38.49253091802351], 30.595925]
[[473, 2.0, 53928], [6, 93344, 3/8, 44.48537445445564], 39.525854]
[[473, 2.0, 53928], [7, 93344, 3/10, 52.25783639376083], 49.278743]
[[418, 2.0, 68764], [11, 68355, 1/4, 88.72914970713661], 101.197538]
[[473, 2.0, 53928], [8, 93344, 3/10, 52.57716124286675], 64.209611]
[[243, 2.0, 99595], [1, 31790, 1/2, 3.4263874601629936], 5.248733]
[[243, 2.0, 99595], [2, 31790, 1/2, 11.781921508801176], 9.679871]
[[243, 2.0, 99595], [3, 31790, 1/3, 18.868756548296574], 13.130788]
[[418, 2.0, 68764], [12, 68355, 1/4, 90.85852041612452], 135.345722]
[[243, 2.0, 99595], [4, 31790, 1/4, 23.38853914049656], 19.54783]
[[473, 2.0, 53928], [9, 93344, 1/4, 59.29832350878753], 102.00502]
[[243, 2.0, 99595], [5, 31790, 1/5, 34.36763856878324], 25.792043]
[[243, 2.0, 99595], [6, 31790, 1/6, 39.05897833373015], 29.716813]
[[418, 2.0, 68764], [13, 68355, 1/4, 96.63710343089221], 177.060068]
[[473, 2.0, 53928], [10, 93344, 3/14, 63.81722783080947], 137.303195]
[[243, 2.0, 99595], [7, 31790, 1/6, 41.05541674558022], 36.55845]
[[243, 2.0, 99595], [8, 31790, 1/8, 48.683782592023775], 42.474914]
[[243, 2.0, 99595], [9, 31790, 1/10, 52.11711671806338], 50.991149]
[[243, 2.0, 99595], [10, 31790, 1/10, 54.85392485143709], 55.982476]
[[418, 2.0, 68764], [14, 68355, 3/14, 101.844103217181], 235.326148]
[[473, 2.0, 53928], [11, 93344, 3/14, 68.88304472859035], 188.188326]
[[127, 2.0, 17408], [1, 11787, 1/1, 0.46579230149761675], 2.064756]
[[243, 2.0, 99595], [11, 31790, 1/10, 58.343015555068554], 61.356361]
[[127, 2.0, 17408], [2, 11787, 1/2, 7.1708029211893916], 3.844308]
[[127, 2.0, 17408], [3, 11787, 1/2, 11.997152682870208], 5.610353]
[[127, 2.0, 17408], [4, 11787, 1/4, 17.253518555372587], 7.316827]
[[243, 2.0, 99595], [12, 31790, 1/10, 67.98160810818344], 69.733986]
[[243, 2.0, 99595], [13, 31790, 1/10, 73.3062208549279], 74.242081]
[[127, 2.0, 17408], [5, 11787, 1/6, 22.615137140902274], 9.450514]
[[127, 2.0, 17408], [6, 11787, 1/8, 26.869066957801984], 10.546718]
[[127, 2.0, 17408], [7, 11787, 1/10, 34.27212160089564], 13.145092]
[[127, 2.0, 17408], [8, 11787, 1/12, 40.25349449444707], 14.426823]
[[418, 2.0, 68764], [15, 68355, 3/14, 104.02364382951218], 277.603928]
[[243, 2.0, 99595], [14, 31790, 1/10, 83.88324745639028], 82.037556]
[[127, 2.0, 17408], [9, 11787, 1/14, 45.830345053839295], 15.196342]
[[127, 2.0, 17408], [10, 11787, 1/16, 52.017893367843314], 17.379961]
[[473, 2.0, 53928], [12, 93344, 3/14, 72.81477508577676], 229.235965]
[[127, 2.0, 17408], [11, 11787, 1/18, 57.92673352386371], 18.167939]
[[54, 2.0, 70374], [1, 96680, 1/2, 2.7586475892649935], 0.627827]
[[54, 2.0, 70374], [2, 96680, 1/2, 4.755131483397361], 1.220628]
[[127, 2.0, 17408], [12, 11787, 1/18, 59.11828114173584], 18.907884]
[[54, 2.0, 70374], [3, 96680, 1/4, 10.139814298558974], 1.453719]
[[54, 2.0, 70374], [4, 96680, 1/5, 11.26888386999902], 2.271108]
[[54, 2.0, 70374], [5, 96680, 1/5, 12.776718202924087], 2.382181]
[[54, 2.0, 70374], [6, 96680, 1/5, 14.011885088440827], 2.685227]
[[54, 2.0, 70374], [7, 96680, 1/6, 16.780169524583965], 3.33899]
[[127, 2.0, 17408], [13, 11787, 1/20, 62.853256870400536], 20.275554]
[[54, 2.0, 70374], [8, 96680, 1/8, 20.065825777230145], 3.616593]
[[418, 2.0, 68764], [16, 68355, 3/14, 114.46139809462434], 301.412431]
[[127, 2.0, 17408], [14, 11787, 1/20, 65.10348046367844], 21.004724]
[[54, 2.0, 70374], [9, 96680, 1/10, 23.600707522455934], 4.128376]
[[243, 2.0, 99595], [15, 31790, 1/12, 94.58536051129774], 93.639506]
[[127, 2.0, 17408], [15, 11787, 1/22, 70.22426695654693], 21.345145]
[[54, 2.0, 70374], [10, 96680, 1/12, 27.97038123501065], 4.918707]
[[54, 2.0, 70374], [11, 96680, 1/14, 31.964137647315464], 5.209294]
[[127, 2.0, 17408], [16, 11787, 1/22, 73.60957164102552], 22.413031]
[[54, 2.0, 70374], [12, 96680, 1/16, 35.55457021912991], 5.49889]
[[90, 2.0, 50418], [1, 34563, 1/2, 4.522613727214014], 1.272829]
[[90, 2.0, 50418], [2, 34563, 1/4, 9.5502033109894], 2.121702]
[[54, 2.0, 70374], [13, 96680, 1/18, 39.34644795039951], 6.341525]
[[54, 2.0, 70374], [14, 96680, 1/18, 41.90170698945287], 6.544117]
[[54, 2.0, 70374], [15, 96680, 1/20, 44.31688510140862], 7.20441]
[[90, 2.0, 50418], [3, 34563, 1/4, 12.005768313371458], 3.070857]
[[54, 2.0, 70374], [16, 96680, 1/20, 46.76262301555588], 7.493046]
[[473, 2.0, 53928], [13, 93344, 3/14, 75.12848186518416], 255.752809]
[[90, 2.0, 50418], [4, 34563, 1/6, 17.037983056555035], 3.796667]
[[90, 2.0, 50418], [5, 34563, 1/8, 22.088728856445123], 4.818485]
[[90, 2.0, 50418], [6, 34563, 1/10, 27.34797887310463], 5.789843]
[[90, 2.0, 50418], [7, 34563, 1/12, 33.65635612603551], 6.095011]
[[90, 2.0, 50418], [8, 34563, 1/14, 36.382890406169146], 6.707157]
[[90, 2.0, 50418], [9, 34563, 1/16, 39.47444950025181], 7.782093]
[[90, 2.0, 50418], [10, 34563, 1/18, 44.803979437149735], 8.436339]
[[243, 2.0, 99595], [16, 31790, 1/12, 97.83033938980181], 91.737488]
[[360, 2.0, 8082], [1, 73570, 1/1, 7.254656569134187], 4.838439]
[[90, 2.0, 50418], [11, 34563, 1/20, 49.54541438896896], 9.15022]
[[90, 2.0, 50418], [12, 34563, 1/22, 53.764496226378085], 9.834063]
[[90, 2.0, 50418], [13, 34563, 1/22, 54.76397702318863], 11.328114]
[[90, 2.0, 50418], [14, 34563, 1/24, 59.68347753017483], 11.93936]
[[360, 2.0, 8082], [2, 73570, 3/4, 17.10770288351415], 8.186835]
[[90, 2.0, 50418], [15, 34563, 1/26, 64.54191708380687], 12.648693]
[[90, 2.0, 50418], [16, 34563, 1/26, 65.39542382588718], 13.63198]
[[360, 2.0, 8082], [3, 73570, 1/2, 22.827372098743005], 12.253374]
[[360, 2.0, 8082], [4, 73570, 1/2, 22.95927596830911], 14.455109]
[[473, 2.0, 53928], [14, 93344, 3/16, 90.62131005654184], 274.468422]
[[360, 2.0, 8082], [5, 73570, 1/2, 27.340523876497016], 17.636875]
[[100, 2.0, 76712], [1, 82726, 1/2, 4.880155969258788], 1.03341]
[[360, 2.0, 8082], [6, 73570, 3/8, 38.51345651684251], 20.189637]
[[100, 2.0, 76712], [2, 82726, 1/2, 8.874976116825724], 1.795179]
[[100, 2.0, 76712], [3, 82726, 1/3, 12.639880376822191], 2.456873]
[[360, 2.0, 8082], [7, 73570, 3/10, 51.958009085704404], 24.324744]
[[100, 2.0, 76712], [4, 82726, 1/3, 16.464337796103315], 3.26915]
[[100, 2.0, 76712], [5, 82726, 1/4, 19.66938438810837], 3.976401]
[[360, 2.0, 8082], [8, 73570, 3/10, 57.09965270334041], 26.767123]
[[100, 2.0, 76712], [6, 82726, 1/4, 22.34517907991875], 4.785874]
[[100, 2.0, 76712], [7, 82726, 1/4, 25.493567168106413], 5.561691]
[[360, 2.0, 8082], [9, 73570, 3/10, 58.57242552907884], 31.553603]
[[473, 2.0, 53928], [15, 93344, 3/16, 96.38301511313288], 281.811776]
[[100, 2.0, 76712], [8, 82726, 1/5, 28.102642337415123], 6.661222]
[[100, 2.0, 76712], [9, 82726, 1/5, 30.023887879337618], 7.62522]
[[100, 2.0, 76712], [10, 82726, 1/6, 34.79090810560927], 8.53022]
[[360, 2.0, 8082], [10, 73570, 3/10, 65.42364885450039], 35.547538]
[[195, 2.0, 57333], [1, 28104, 1/1, 9.101261462954607], 2.667774]
[[100, 2.0, 76712], [11, 82726, 1/8, 37.36541750242593], 10.75745]
[[100, 2.0, 76712], [12, 82726, 1/8, 40.88944580818995], 11.850134]
[[195, 2.0, 57333], [2, 28104, 1/1, 17.324420833646126], 4.964937]
[[100, 2.0, 76712], [13, 82726, 1/8, 42.44004650967765], 12.806199]
[[100, 2.0, 76712], [14, 82726, 1/10, 45.60894830967098], 14.065461]
[[100, 2.0, 76712], [15, 82726, 1/10, 48.06259418216821], 16.382486]
[[195, 2.0, 57333], [3, 28104, 5/6, 20.825470813582196], 6.855975]
[[195, 2.0, 57333], [4, 28104, 1/2, 26.835427076304505], 9.2427]
[[100, 2.0, 76712], [16, 82726, 1/10, 50.35678227008442], 17.843838]
[[360, 2.0, 8082], [11, 73570, 3/10, 75.78918657638593], 51.616604]
[[195, 2.0, 57333], [5, 28104, 1/2, 33.75419275511172], 10.369028]
[[195, 2.0, 57333], [6, 28104, 2/5, 39.15227192035899], 13.098827]
[[195, 2.0, 57333], [7, 28104, 1/3, 44.61977842541433], 15.069644]
[[195, 2.0, 57333], [8, 28104, 1/3, 49.21719002702443], 17.985776]
[[360, 2.0, 8082], [12, 73570, 3/10, 79.13887210778287], 68.116977]
[[54, 2.0, 37721], [1, 32353, 1/2, 4.38219567282081], 0.561755]
[[195, 2.0, 57333], [9, 28104, 1/3, 51.91585392110334], 19.393668]
[[473, 2.0, 53928], [16, 93344, 3/16, 105.03123636505909], 314.194225]
[[54, 2.0, 37721], [2, 32353, 1/4, 6.822111160729028], 1.113995]
[[54, 2.0, 37721], [3, 32353, 1/6, 10.835750906747467], 1.40064]
[[195, 2.0, 57333], [10, 28104, 2/7, 56.90364804721078], 22.841767]
[[54, 2.0, 37721], [4, 32353, 1/6, 12.532479421370057], 2.192033]
[[54, 2.0, 37721], [5, 32353, 1/8, 17.3470253264524], 2.393111]
[[54, 2.0, 37721], [6, 32353, 1/8, 22.045749917774287], 2.467093]
[[195, 2.0, 57333], [11, 28104, 1/4, 66.72423149672892], 24.365927]
[[54, 2.0, 37721], [7, 32353, 1/8, 26.739824610156127], 2.900811]
[[195, 2.0, 57333], [12, 28104, 1/6, 73.94082713160418], 26.222368]
[[54, 2.0, 37721], [8, 32353, 1/8, 28.479108939392955], 3.494145]
[[54, 2.0, 37721], [9, 32353, 1/10, 31.465193640120688], 4.340561]
[[54, 2.0, 37721], [10, 32353, 1/11, 32.22048283031149], 4.683796]
[[195, 2.0, 57333], [13, 28104, 1/6, 78.1198482052819], 30.497262]
[[54, 2.0, 37721], [11, 32353, 1/11, 34.292855115248756], 5.308873]
[[54, 2.0, 37721], [12, 32353, 1/13, 37.70244782030991], 5.78757]
[[360, 2.0, 8082], [13, 73570, 1/4, 87.87276260234398], 86.951244]
[[54, 2.0, 37721], [13, 32353, 1/13, 40.83051313439803], 6.15854]
[[197, 2.0, 99587], [1, 95058, 1/1, 7.774286403744495], 2.672072]
[[195, 2.0, 57333], [14, 28104, 1/6, 82.21332938976076], 31.841142]
[[54, 2.0, 37721], [14, 32353, 1/15, 44.24010583945918], 6.941941]
[[54, 2.0, 37721], [15, 32353, 1/15, 47.37703193614197], 7.153056]
[[54, 2.0, 37721], [16, 32353, 1/17, 51.58018155124201], 7.696375]
[[197, 2.0, 99587], [2, 95058, 1/2, 10.543542621475044], 4.747989]
[[197, 2.0, 99587], [3, 95058, 1/4, 17.069618718936205], 6.359891]
[[195, 2.0, 57333], [15, 28104, 1/6, 86.90002334066912], 33.766488]
[[197, 2.0, 99587], [4, 95058, 1/6, 20.485484910840746], 7.814343]
[[197, 2.0, 99587], [5, 95058, 1/6, 26.00137404338323], 9.03571]
[[195, 2.0, 57333], [16, 28104, 1/6, 94.77662393492801], 37.126366]
[[197, 2.0, 99587], [6, 95058, 1/6, 29.610771480537085], 10.690861]
[[360, 2.0, 8082], [14, 73570, 3/14, 97.91958741989932], 98.674104]
[[131, 2.0, 13242], [1, 58869, 1/1, 4.250269143138632], 1.376519]
[[197, 2.0, 99587], [7, 95058, 1/6, 33.351529722511984], 13.159764]
[[131, 2.0, 13242], [2, 58869, 1/1, 5.9656100259202836], 2.588976]
[[197, 2.0, 99587], [8, 95058, 1/6, 35.15754565785743], 14.107091]
[[131, 2.0, 13242], [3, 58869, 1/1, 7.453824337548807], 3.525382]
[[197, 2.0, 99587], [9, 95058, 1/6, 38.552444860788015], 15.668556]
[[197, 2.0, 99587], [10, 95058, 1/7, 43.36255147967584], 17.953454]
[[131, 2.0, 13242], [4, 58869, 3/4, 11.349312085164941], 4.562156]
[[131, 2.0, 13242], [5, 58869, 1/2, 15.16216450529077], 5.231905]
[[197, 2.0, 99587], [11, 95058, 1/7, 51.33508921749787], 19.179308]
[[131, 2.0, 13242], [6, 58869, 3/8, 20.33162614643563], 6.718076]
[[360, 2.0, 8082], [15, 73570, 3/16, 102.93712804920798], 109.225031]
[[197, 2.0, 99587], [12, 95058, 1/7, 53.78793811754862], 20.895904]
[[131, 2.0, 13242], [7, 58869, 3/8, 21.718942430502494], 7.2933]
[[131, 2.0, 13242], [8, 58869, 3/10, 28.62774615093926], 8.557648]
[[161, 2.0, 34415], [1, 5406, 1/1, 7.405850684553644], 1.51507]
[[131, 2.0, 13242], [9, 58869, 3/10, 31.332743684058528], 9.340393]
[[197, 2.0, 99587], [13, 95058, 1/7, 60.04456616969897], 23.578722]
[[197, 2.0, 99587], [14, 95058, 1/7, 61.948954693755496], 24.984738]
[[161, 2.0, 34415], [2, 5406, 3/4, 11.933012708196054], 2.760461]
[[131, 2.0, 13242], [10, 58869, 1/4, 35.81627048651538], 10.785312]
[[131, 2.0, 13242], [11, 58869, 3/14, 40.50640975928397], 11.299001]
[[161, 2.0, 34415], [3, 5406, 1/2, 15.79737191227716], 3.998429]
[[161, 2.0, 34415], [4, 5406, 3/8, 21.572531826428783], 5.02183]
[[131, 2.0, 13242], [12, 58869, 3/14, 43.69699974735259], 12.46447]
[[197, 2.0, 99587], [15, 95058, 1/7, 65.44375567799656], 26.838394]
[[360, 2.0, 8082], [16, 73570, 3/16, 108.92669829490234], 118.333713]
[[161, 2.0, 34415], [5, 5406, 3/10, 24.79288763352375], 5.921097]
[[131, 2.0, 13242], [13, 58869, 3/16, 49.41193686024966], 13.272173]
[[197, 2.0, 99587], [16, 95058, 1/9, 72.25430225507425], 29.173355]
[[161, 2.0, 34415], [6, 5406, 3/10, 27.9931875136328], 7.093294]
[[131, 2.0, 13242], [14, 58869, 3/16, 53.248121293964445], 14.308939]
[[161, 2.0, 34415], [7, 5406, 1/4, 32.35558820233153], 8.45105]
[[42, 2.0, 4780], [1, 63162, 1/1, 3.3483805214109457], 0.3207]
[[131, 2.0, 13242], [15, 58869, 3/16, 57.27504673274754], 15.819211]
[[42, 2.0, 4780], [2, 63162, 1/2, 6.107740369888381], 0.636226]
[[42, 2.0, 4780], [3, 63162, 1/2, 7.163079010989233], 0.879812]
[[131, 2.0, 13242], [16, 58869, 3/16, 61.66672558779501], 16.404403]
[[161, 2.0, 34415], [8, 5406, 2/9, 35.97191598043114], 9.480029]
[[42, 2.0, 4780], [4, 63162, 1/4, 9.51545707926169], 1.042835]
[[42, 2.0, 4780], [5, 63162, 1/4, 10.913689066941267], 1.39445]
[[161, 2.0, 34415], [9, 5406, 2/11, 43.42107049045266], 10.274224]
[[42, 2.0, 4780], [6, 63162, 1/4, 11.65311568997046], 1.555003]
[[42, 2.0, 4780], [7, 63162, 2/9, 14.858413636300707], 1.782084]
[[42, 2.0, 4780], [8, 63162, 2/9, 16.172265624034214], 2.006987]
[[42, 2.0, 4780], [9, 63162, 2/9, 19.723057560137963], 2.39157]
[[161, 2.0, 34415], [10, 5406, 3/17, 48.91388703806356], 11.786989]
[[42, 2.0, 4780], [10, 63162, 2/11, 22.914859084005585], 2.575122]
[[42, 2.0, 4780], [11, 63162, 2/11, 24.03467522370254], 2.955947]
[[105, 2.0, 80323], [1, 68114, 1/2, 2.716331122406001], 1.019356]
[[161, 2.0, 34415], [11, 5406, 3/17, 55.15975490667726], 12.895897]
[[42, 2.0, 4780], [12, 63162, 2/11, 24.973438361609574], 3.461692]
[[42, 2.0, 4780], [13, 63162, 2/11, 25.492909289739476], 3.645247]
[[105, 2.0, 80323], [2, 68114, 1/2, 4.3449876160702505], 1.732574]
[[42, 2.0, 4780], [14, 63162, 2/11, 26.84900843027346], 3.850787]
[[161, 2.0, 34415], [12, 5406, 3/17, 57.406041703824016], 14.22232]
[[42, 2.0, 4780], [15, 63162, 2/11, 29.47635814808824], 4.236921]
[[105, 2.0, 80323], [3, 68114, 1/2, 8.203425323961168], 2.557706]
[[42, 2.0, 4780], [16, 63162, 1/6, 30.11833619663995], 4.720955]
[[161, 2.0, 34415], [13, 5406, 3/19, 58.818374172563004], 15.701693]
[[105, 2.0, 80323], [4, 68114, 1/4, 13.502371813237902], 3.340873]
[[105, 2.0, 80323], [5, 68114, 1/4, 16.42779004144685], 4.278194]
[[161, 2.0, 34415], [14, 5406, 1/7, 64.17976687885094], 16.933478]
[[105, 2.0, 80323], [6, 68114, 1/4, 16.63981863309122], 4.888921]
[[161, 2.0, 34415], [15, 5406, 3/23, 69.00905771638705], 17.938031]
[[50, 2.0, 79159], [1, 11667, 1/1, 1.5202810777036881], 0.406134]
[[105, 2.0, 80323], [7, 68114, 1/4, 17.728366813395798], 5.591662]
[[50, 2.0, 79159], [2, 11667, 1/2, 3.155461129887062], 0.709141]
[[105, 2.0, 80323], [8, 68114, 1/4, 18.66246403009583], 6.334278]
[[50, 2.0, 79159], [3, 11667, 1/4, 4.875656891409697], 0.92487]
[[105, 2.0, 80323], [9, 68114, 1/4, 19.371407741601185], 6.895794]
[[161, 2.0, 34415], [16, 5406, 3/23, 70.95932109005676], 20.408414]
[[50, 2.0, 79159], [4, 11667, 1/6, 7.481566907063392], 1.168965]
[[105, 2.0, 80323], [10, 68114, 1/4, 20.986476435500666], 7.78959]
[[50, 2.0, 79159], [5, 11667, 1/6, 10.512082401116825], 1.55702]
[[50, 2.0, 79159], [6, 11667, 1/8, 14.383346142278837], 1.732603]
[[105, 2.0, 80323], [11, 68114, 1/4, 23.1737862191037], 8.489344]
[[50, 2.0, 79159], [7, 11667, 1/8, 15.875554724997704], 1.981689]
[[50, 2.0, 79159], [8, 11667, 1/8, 18.942477142688873], 2.377829]
[[105, 2.0, 80323], [12, 68114, 1/5, 26.509029156952497], 9.373803]
[[50, 2.0, 79159], [9, 11667, 1/10, 20.853665917637766], 2.76296]
[[48, 2.0, 77503], [1, 28002, 1/2, 2.182905258339021], 0.410499]
[[50, 2.0, 79159], [10, 11667, 1/10, 22.746309717657365], 2.869331]
[[105, 2.0, 80323], [13, 68114, 1/5, 27.962251620790006], 10.281965]
[[50, 2.0, 79159], [11, 11667, 1/10, 23.480955608386427], 3.266977]
[[48, 2.0, 77503], [2, 28002, 1/4, 5.962320649125115], 0.640218]
[[50, 2.0, 79159], [12, 11667, 1/12, 27.45084166864724], 3.579588]
[[48, 2.0, 77503], [3, 28002, 1/6, 10.112205311222285], 0.899811]
[[50, 2.0, 79159], [13, 11667, 1/14, 29.799914675686733], 3.800744]
[[105, 2.0, 80323], [14, 68114, 1/5, 28.439986120857686], 11.559471]
[[48, 2.0, 77503], [4, 28002, 1/8, 12.65607300048135], 1.178993]
[[105, 2.0, 80323], [15, 68114, 1/7, 34.29541903962381], 12.133349]
[[50, 2.0, 79159], [14, 11667, 1/14, 32.833988180621], 4.439641]
[[48, 2.0, 77503], [5, 28002, 1/10, 16.523017535788316], 1.467775]
[[48, 2.0, 77503], [6, 28002, 1/12, 20.889531375931575], 1.670585]
[[50, 2.0, 79159], [15, 11667, 1/16, 36.003046767974254], 4.68756]
[[48, 2.0, 77503], [7, 28002, 1/14, 23.291424815608334], 1.947201]
[[50, 2.0, 79159], [16, 11667, 1/16, 38.707581963867185], 4.794124]
[[105, 2.0, 80323], [16, 68114, 1/7, 39.02719885960506], 12.721567]
[[48, 2.0, 77503], [8, 28002, 1/14, 23.851844507728067], 2.304988]
[[48, 2.0, 77503], [9, 28002, 1/14, 25.328122498361388], 2.554913]
[[48, 2.0, 77503], [10, 28002, 1/15, 28.384962603252344], 2.713707]
[[48, 2.0, 77503], [11, 28002, 1/15, 30.388738662626267], 3.219257]
[[48, 2.0, 77503], [12, 28002, 1/17, 33.976763744309046], 3.510569]
[[48, 2.0, 77503], [13, 28002, 1/19, 35.977093451857996], 3.660116]
[[48, 2.0, 77503], [14, 28002, 1/19, 37.18224969285605], 4.11117]
[[48, 2.0, 77503], [15, 28002, 1/21, 39.83588631673879], 4.366088]
[[416, 2.0, 88742], [1, 42150, 1/1, 2.0378265775494815], 4.353077]
[[48, 2.0, 77503], [16, 28002, 1/21, 40.87775428377769], 4.878754]
[[416, 2.0, 88742], [2, 42150, 1/1, 13.10405553607494], 7.5415]
[[50, 2.0, 78942], [1, 23914, 1/1, 2.7120185262846377], 0.339109]
[[416, 2.0, 88742], [3, 42150, 2/3, 25.339566617103593], 10.445937]
[[50, 2.0, 78942], [2, 23914, 1/2, 4.6952193269563995], 0.590188]
[[50, 2.0, 78942], [3, 23914, 1/2, 5.342988580738757], 0.859262]
[[416, 2.0, 88742], [4, 42150, 2/3, 28.49260737439174], 13.794919]
[[50, 2.0, 78942], [4, 23914, 1/3, 9.435300786377251], 1.004359]
[[50, 2.0, 78942], [5, 23914, 1/4, 13.32234615881357], 1.292924]
[[416, 2.0, 88742], [5, 42150, 5/8, 30.915945757362856], 16.39265]
[[50, 2.0, 78942], [6, 23914, 1/5, 17.557534228127324], 1.499007]
[[50, 2.0, 78942], [7, 23914, 1/5, 19.788721016688054], 1.862143]
[[50, 2.0, 78942], [8, 23914, 1/6, 21.07520433117485], 2.056195]
[[50, 2.0, 78942], [9, 23914, 1/7, 23.36205170706575], 2.456336]
[[416, 2.0, 88742], [6, 42150, 5/8, 34.448899792868154], 20.029047]
[[50, 2.0, 78942], [10, 23914, 1/8, 26.973802213246557], 2.546871]
[[50, 2.0, 78942], [11, 23914, 1/8, 28.282807201514398], 2.964558]
[[50, 2.0, 78942], [12, 23914, 1/9, 31.28734405486767], 3.242116]
[[416, 2.0, 88742], [7, 42150, 7/12, 37.50579567175168], 24.457603]
[[50, 2.0, 78942], [13, 23914, 1/9, 33.39859597860113], 3.408618]
[[50, 2.0, 78942], [14, 23914, 1/9, 34.614932329328894], 3.816408]
[[50, 2.0, 78942], [15, 23914, 3/29, 38.59245099914258], 4.245585]
[[166, 2.0, 79713], [1, 64056, 1/1, 9.518277048352621], 1.648633]
[[50, 2.0, 78942], [16, 23914, 1/10, 40.57596676038162], 4.597774]
[[416, 2.0, 88742], [8, 42150, 7/12, 39.08680280722045], 27.895018]
[[166, 2.0, 79713], [2, 64056, 3/4, 15.37217744295712], 2.831192]
[[166, 2.0, 79713], [3, 64056, 2/3, 20.616509150473867], 4.163757]
[[166, 2.0, 79713], [4, 64056, 1/2, 26.643063384587037], 5.133156]
[[166, 2.0, 79713], [5, 64056, 2/5, 29.996351109761438], 6.437715]
[[416, 2.0, 88742], [9, 42150, 1/2, 43.18743858874606], 34.402845]
[[166, 2.0, 79713], [6, 64056, 1/3, 36.45403656339276], 7.794377]
[[166, 2.0, 79713], [7, 64056, 1/3, 39.915084452828836], 10.266746]
[[166, 2.0, 79713], [8, 64056, 1/3, 43.505788052656285], 11.598604]
[[166, 2.0, 79713], [9, 64056, 1/3, 48.556885175904945], 15.168451]
[[166, 2.0, 79713], [10, 64056, 3/11, 51.0413971452106], 17.457431]
[[416, 2.0, 88742], [10, 42150, 1/3, 49.66385636445282], 50.233838]
[[170, 2.0, 36411], [1, 61867, 1/2, 6.841872023659285], 2.532956]
[[166, 2.0, 79713], [11, 64056, 3/13, 56.79806770182432], 20.235283]
[[170, 2.0, 36411], [2, 61867, 1/2, 10.719516328129638], 5.384907]
[[166, 2.0, 79713], [12, 64056, 1/5, 64.03009372508245], 25.048964]
[[170, 2.0, 36411], [3, 61867, 1/2, 14.700091815601226], 7.272495]
[[166, 2.0, 79713], [13, 64056, 3/17, 66.62948110961234], 27.292822]
[[170, 2.0, 36411], [4, 61867, 1/2, 18.3394120874884], 9.28905]
[[170, 2.0, 36411], [5, 61867, 1/2, 22.55395517172773], 11.897916]
[[166, 2.0, 79713], [14, 64056, 3/17, 70.04805194872387], 31.442297]
[[166, 2.0, 79713], [15, 64056, 3/17, 77.35578291939137], 34.257397]
[[170, 2.0, 36411], [6, 61867, 5/12, 28.968646016202122], 13.619758]
[[416, 2.0, 88742], [11, 42150, 1/5, 54.38089101928712], 76.93834]
[[170, 2.0, 36411], [7, 61867, 5/14, 33.26143404682376], 15.847382]
[[166, 2.0, 79713], [16, 64056, 3/17, 83.26509937094696], 37.908288]
[[170, 2.0, 36411], [8, 61867, 5/14, 42.13151337802074], 17.377499]
[[45, 2.0, 11396], [1, 39148, 1/1, 2.821187910854788], 0.557753]
[[45, 2.0, 11396], [2, 39148, 1/2, 7.051501362056278], 0.99851]
[[170, 2.0, 36411], [9, 61867, 5/14, 46.10286332660915], 20.197232]
[[170, 2.0, 36411], [10, 61867, 4/13, 50.523753449238136], 21.722016]
[[45, 2.0, 11396], [3, 39148, 1/3, 11.964619772479523], 1.319153]
[[45, 2.0, 11396], [4, 39148, 1/4, 13.592885453668064], 1.69435]
[[45, 2.0, 11396], [5, 39148, 1/5, 15.627961359664617], 2.211098]
[[45, 2.0, 11396], [6, 39148, 1/5, 17.11111243592571], 2.625737]
[[45, 2.0, 11396], [7, 39148, 1/5, 19.8696702391307], 2.976888]
[[170, 2.0, 36411], [11, 61867, 5/18, 52.89002221272364], 23.806585]
[[45, 2.0, 11396], [8, 39148, 1/5, 20.364894936651503], 2.951315]
[[170, 2.0, 36411], [12, 61867, 5/18, 55.45663325992165], 27.385602]
[[45, 2.0, 11396], [9, 39148, 1/7, 22.69461810575523], 3.577526]
[[45, 2.0, 11396], [10, 39148, 1/7, 23.403958886651562], 4.06031]
[[45, 2.0, 11396], [11, 39148, 1/9, 27.763531590536253], 4.408018]
[[45, 2.0, 11396], [12, 39148, 1/9, 30.47966773810517], 5.181383]
[[416, 2.0, 88742], [12, 42150, 1/5, 62.82673768681779], 105.687554]
[[45, 2.0, 11396], [13, 39148, 1/11, 32.51562730305281], 5.333021]
[[170, 2.0, 36411], [13, 61867, 1/4, 60.01524877088367], 28.867571]
[[97, 2.0, 32062], [1, 47476, 1/1, 4.269787673758961], 1.403648]
[[45, 2.0, 11396], [14, 39148, 1/13, 34.587484849693176], 5.793743]
[[170, 2.0, 36411], [14, 61867, 5/22, 63.91716565500251], 30.169662]
[[97, 2.0, 32062], [2, 47476, 3/4, 8.778921524814997], 2.357607]
[[45, 2.0, 11396], [15, 39148, 1/13, 36.04433821723717], 6.055313]
[[97, 2.0, 32062], [3, 47476, 1/2, 11.92054149035258], 3.247879]
[[45, 2.0, 11396], [16, 39148, 1/14, 39.1719299933952], 7.026603]
[[97, 2.0, 32062], [4, 47476, 1/3, 16.55292443420023], 4.050423]
[[97, 2.0, 32062], [5, 47476, 1/3, 16.869017455417474], 5.246435]
[[170, 2.0, 36411], [15, 61867, 5/23, 66.70895534289674], 35.079847]
[[97, 2.0, 32062], [6, 47476, 1/4, 19.290397606145753], 6.443493]
[[97, 2.0, 32062], [7, 47476, 1/6, 20.602388225694106], 7.144731]
[[170, 2.0, 36411], [16, 61867, 7/33, 76.8268558023104], 35.729619]
[[97, 2.0, 32062], [8, 47476, 1/6, 24.888424315353348], 7.833509]
[[97, 2.0, 32062], [9, 47476, 1/6, 30.898447280976214], 9.038961]
[[48, 2.0, 97754], [1, 70965, 1/1, 2.8204599264244488], 0.436164]
[[97, 2.0, 32062], [10, 47476, 1/6, 35.33992734348087], 9.902857]
[[48, 2.0, 97754], [2, 70965, 1/1, 7.3316455540142655], 0.847366]
[[48, 2.0, 97754], [3, 70965, 31/44, 10.116281144217474], 1.330073]
[[48, 2.0, 97754], [4, 70965, 1/2, 12.088511753171895], 1.308012]
[[97, 2.0, 32062], [11, 47476, 1/6, 39.770819919804616], 10.23033]
[[48, 2.0, 97754], [5, 70965, 1/2, 14.135027310699327], 1.796728]
[[416, 2.0, 88742], [13, 42150, 1/5, 70.02907416047604], 125.554092]
[[48, 2.0, 97754], [7, 70965, 3/8, 18.737601320354734], 2.2411]
[[48, 2.0, 97754], [6, 70965, 3/8, 17.29997801053259], 2.162561]
[[97, 2.0, 32062], [12, 47476, 1/7, 44.07634863804832], 11.891717]
[[48, 2.0, 97754], [8, 70965, 3/10, 23.025484967778766], 2.885887]
[[97, 2.0, 32062], [13, 47476, 1/8, 48.500502051715884], 12.012182]
[[97, 2.0, 32062], [14, 47476, 1/9, 50.90859460336811], 12.976997]
[[48, 2.0, 97754], [9, 70965, 1/4, 25.48838702737663], 3.259736]
[[48, 2.0, 97754], [10, 70965, 3/14, 29.471279143059274], 3.434789]
[[97, 2.0, 32062], [15, 47476, 1/10, 55.54323437915384], 13.99739]
[[48, 2.0, 97754], [11, 70965, 3/16, 33.14433818371788], 4.128554]
[[48, 2.0, 97754], [12, 70965, 1/6, 36.402209558824225], 4.258802]
[[48, 2.0, 97754], [13, 70965, 3/20, 38.72041512769353], 4.64694]
[[48, 2.0, 97754], [14, 70965, 3/20, 43.118107149061395], 4.946097]
[[97, 2.0, 32062], [16, 47476, 1/11, 60.52486710740434], 15.499595]
[[276, 2.0, 38375], [1, 6385, 1/1, 7.218318401135143], 3.479999]
[[48, 2.0, 97754], [15, 70965, 1/7, 45.53142513715714], 5.320848]
[[48, 2.0, 97754], [16, 70965, 1/7, 47.18125080206533], 5.677976]
[[276, 2.0, 38375], [2, 6385, 3/4, 12.5314073832795], 5.702285]
[[276, 2.0, 38375], [3, 6385, 1/2, 18.926362619503657], 8.057618]
[[416, 2.0, 88742], [14, 42150, 1/5, 77.6701528591078], 139.906906]
[[276, 2.0, 38375], [4, 6385, 1/3, 25.778035634853257], 10.388475]
[[276, 2.0, 38375], [5, 6385, 1/3, 27.410720810332318], 12.815352]
[[109, 2.0, 54888], [1, 81351, 1/2, 2.9352395568051013], 1.127926]
[[276, 2.0, 38375], [6, 6385, 1/4, 29.77849180275117], 15.018213]
[[109, 2.0, 54888], [2, 81351, 1/2, 5.713306450581132], 1.786627]
[[109, 2.0, 54888], [3, 81351, 1/3, 9.08218468257094], 2.627434]
[[276, 2.0, 38375], [7, 6385, 1/4, 35.3327794907088], 17.837594]
[[109, 2.0, 54888], [4, 81351, 1/3, 10.001636895982502], 3.561368]
[[276, 2.0, 38375], [8, 6385, 1/5, 39.409645504921635], 20.509156]
[[416, 2.0, 88742], [15, 42150, 1/5, 90.99550309755422], 155.034083]
[[109, 2.0, 54888], [5, 81351, 1/3, 15.601195298622669], 4.779893]
[[109, 2.0, 54888], [6, 81351, 1/4, 19.79851545885014], 5.439723]
[[276, 2.0, 38375], [9, 6385, 1/5, 48.554144311224704], 23.575953]
[[109, 2.0, 54888], [7, 81351, 1/6, 21.679016324615407], 6.348106]
[[276, 2.0, 38375], [10, 6385, 1/6, 60.07561583985384], 25.842864]
[[109, 2.0, 54888], [8, 81351, 1/6, 24.914072032797566], 7.086376]
[[109, 2.0, 54888], [9, 81351, 1/8, 27.57598062261957], 7.521978]
[[276, 2.0, 38375], [11, 6385, 1/6, 63.12263831599124], 29.111592]
[[109, 2.0, 54888], [10, 81351, 1/8, 30.084044346115544], 8.377313]
[[109, 2.0, 54888], [11, 81351, 1/10, 32.19638507160183], 9.312211]
[[276, 2.0, 38375], [12, 6385, 1/7, 71.13806649145268], 31.361569]
[[97, 2.0, 60211], [1, 7470, 1/1, 1.2280913723334166], 1.001412]
[[97, 2.0, 60211], [2, 7470, 1/1, 4.808055398217667], 1.647703]
[[416, 2.0, 88742], [16, 42150, 1/5, 101.75201550370682], 167.749257]
[[109, 2.0, 54888], [12, 81351, 1/10, 34.46098474665812], 10.606727]
[[97, 2.0, 60211], [3, 7470, 2/3, 10.348899198741906], 2.599015]
[[109, 2.0, 54888], [13, 81351, 1/10, 38.71499945025603], 11.21003]
[[97, 2.0, 60211], [4, 7470, 1/2, 14.457269281332794], 3.415967]
[[276, 2.0, 38375], [13, 6385, 1/8, 78.5330704619127], 35.26327]
[[97, 2.0, 60211], [5, 7470, 1/4, 18.14360681292215], 4.125311]
[[97, 2.0, 60211], [6, 7470, 1/4, 20.162607857273436], 4.976246]
[[109, 2.0, 54888], [14, 81351, 1/11, 42.86993451046421], 13.341668]
[[97, 2.0, 60211], [7, 7470, 1/4, 22.13471072382896], 5.8552]
[[97, 2.0, 60211], [8, 7470, 1/6, 26.752415182847987], 6.435055]
[[109, 2.0, 54888], [15, 81351, 1/11, 47.07847908657568], 14.189204]
[[118, 2.0, 95630], [1, 72819, 1/2, 3.63037484098844], 1.039918]
[[109, 2.0, 54888], [16, 81351, 1/11, 49.54335850779388], 15.268716]
[[97, 2.0, 60211], [9, 7470, 1/8, 29.64181915437438], 7.509925]
[[118, 2.0, 95630], [2, 72819, 1/2, 8.189366814595472], 1.939814]
[[97, 2.0, 60211], [10, 7470, 1/8, 32.48577685376004], 8.559862]
[[118, 2.0, 95630], [3, 72819, 1/2, 12.88164261216956], 2.778143]
[[97, 2.0, 60211], [11, 7470, 1/8, 37.54517718189607], 8.926385]
[[97, 2.0, 60211], [12, 7470, 1/8, 38.61111226196984], 10.174293]
[[118, 2.0, 95630], [4, 72819, 5/11, 17.505624045663346], 3.813472]
[[276, 2.0, 38375], [14, 6385, 1/8, 84.69153359560755], 45.941515]
[[97, 2.0, 60211], [13, 7470, 1/8, 40.26154497844748], 10.880058]
[[118, 2.0, 95630], [5, 72819, 3/8, 21.14805218380825], 4.682492]
[[97, 2.0, 60211], [14, 7470, 1/8, 43.94026924151671], 11.673005]
[[118, 2.0, 95630], [6, 72819, 3/8, 21.9708130489841], 5.312755]
[[118, 2.0, 95630], [7, 72819, 3/10, 25.800965820049193], 6.179115]
[[97, 2.0, 60211], [15, 7470, 1/10, 48.81805855746488], 12.506208]
[[36, 2.0, 53276], [1, 74838, 1/2, 2.458498605352052], 0.317132]
[[118, 2.0, 95630], [8, 72819, 1/4, 32.12212354855582], 7.156504]
[[36, 2.0, 53276], [2, 74838, 1/4, 3.6141670593515833], 0.477165]
[[97, 2.0, 60211], [16, 7470, 1/12, 56.06398762939287], 13.75361]
[[36, 2.0, 53276], [3, 74838, 1/5, 5.521417240350026], 0.660746]
[[118, 2.0, 95630], [9, 72819, 3/14, 36.852706172817236], 7.918792]
[[36, 2.0, 53276], [4, 74838, 1/5, 7.599918061481121], 0.891838]
[[118, 2.0, 95630], [10, 72819, 3/14, 37.666789385536944], 8.440949]
[[36, 2.0, 53276], [5, 74838, 1/5, 10.284547730464816], 1.032886]
[[36, 2.0, 53276], [6, 74838, 1/5, 12.052918117005534], 1.18662]
[[36, 2.0, 53276], [7, 74838, 1/5, 13.103344885108763], 1.470046]
[[36, 2.0, 53276], [8, 74838, 1/5, 15.278465187824784], 1.601107]
[[36, 2.0, 53276], [9, 74838, 1/7, 16.79100883047544], 1.865722]
[[36, 2.0, 53276], [10, 74838, 1/7, 20.42631401862199], 2.023819]
[[118, 2.0, 95630], [11, 72819, 3/14, 40.453602236924674], 9.452353]
[[276, 2.0, 38375], [15, 6385, 1/10, 86.65273720498672], 54.525258]
[[36, 2.0, 53276], [11, 74838, 1/7, 23.961698390420406], 2.453172]
[[118, 2.0, 95630], [12, 72819, 3/14, 42.606610145857616], 10.091116]
[[36, 2.0, 53276], [12, 74838, 1/7, 24.87876103215462], 2.52571]
[[118, 2.0, 95630], [13, 72819, 3/16, 46.45367700634754], 10.878937]
[[36, 2.0, 53276], [13, 74838, 1/9, 26.381518712902047], 2.615397]
[[36, 2.0, 53276], [14, 74838, 1/9, 28.60591257900339], 2.894999]
[[118, 2.0, 95630], [14, 72819, 2/11, 48.92405602356215], 11.789625]
[[36, 2.0, 53276], [15, 74838, 1/11, 32.090302042014486], 3.113733]
[[36, 2.0, 53276], [16, 74838, 1/11, 33.560173825795125], 3.549264]
[[118, 2.0, 95630], [15, 72819, 2/13, 54.02934459257114], 12.832053]
[[118, 2.0, 95630], [16, 72819, 2/15, 59.07124391133508], 13.686316]
[[276, 2.0, 38375], [16, 6385, 1/10, 97.20925782204444], 61.499246]
[[500, 2.0, 44584], [1, 81369, 1/1, 12.628123912310306], 5.515908]
[[500, 2.0, 44584], [2, 81369, 1/1, 14.941625821850169], 9.122049]
[[217, 2.0, 91919], [1, 12020, 1/2, 7.504962008878463], 2.080665]
[[500, 2.0, 44584], [3, 81369, 1/2, 25.350306089147253], 13.341917]
[[500, 2.0, 44584], [4, 81369, 1/2, 36.670640729667134], 16.711551]
[[217, 2.0, 91919], [2, 12020, 1/2, 18.316630976569996], 3.755709]
[[217, 2.0, 91919], [3, 12020, 1/3, 24.96425195703945], 5.045621]
[[500, 2.0, 44584], [5, 81369, 1/2, 42.22911633003059], 20.894439]
[[217, 2.0, 91919], [4, 12020, 1/3, 29.784897662833956], 6.971378]
[[500, 2.0, 44584], [6, 81369, 1/2, 52.839281687599296], 26.117762]
[[217, 2.0, 91919], [5, 12020, 1/4, 37.10921897164904], 8.572995]
[[500, 2.0, 44584], [7, 81369, 1/2, 61.74943011470338], 29.990532]
[[217, 2.0, 91919], [6, 12020, 1/4, 39.31295381754947], 9.985603]
[[217, 2.0, 91919], [7, 12020, 1/4, 40.01883228519775], 12.322531]
[[217, 2.0, 91919], [8, 12020, 1/4, 41.64900942488707], 15.203903]
[[217, 2.0, 91919], [9, 12020, 1/4, 48.44147053380578], 18.949427]
[[500, 2.0, 44584], [8, 81369, 2/5, 67.60542791191631], 49.429201]
[[217, 2.0, 91919], [10, 12020, 1/4, 51.20634294259545], 22.807524]
[[66, 2.0, 90264], [1, 94009, 1/1, 4.882911179724353], 0.991537]
[[66, 2.0, 90264], [2, 94009, 3/4, 8.153649904349878], 1.681897]
[[217, 2.0, 91919], [11, 12020, 1/6, 53.676397866410774], 30.894057]
[[217, 2.0, 91919], [12, 12020, 1/6, 58.11767255042531], 34.944902]
[[66, 2.0, 90264], [3, 94009, 3/5, 10.814374939355083], 3.259293]
[[66, 2.0, 90264], [4, 94009, 1/2, 15.42386627039929], 4.028811]
[[66, 2.0, 90264], [5, 94009, 2/5, 19.04337846907666], 4.802184]
[[66, 2.0, 90264], [6, 94009, 3/8, 22.436454808445152], 5.20345]
[[217, 2.0, 91919], [13, 12020, 1/6, 60.00694093698506], 46.802318]
[[66, 2.0, 90264], [7, 94009, 1/3, 26.139133049267624], 6.940862]
[[500, 2.0, 44584], [9, 81369, 1/3, 73.99537531471243], 83.529546]
[[66, 2.0, 90264], [8, 94009, 1/3, 26.92567635490621], 8.155623]
[[66, 2.0, 90264], [9, 94009, 2/7, 30.860741442875273], 9.802769]
[[217, 2.0, 91919], [14, 12020, 1/6, 61.839087039610384], 52.998389]
[[66, 2.0, 90264], [10, 94009, 1/4, 32.350442204487585], 10.782274]
[[66, 2.0, 90264], [11, 94009, 4/17, 35.850466543310226], 12.084696]
[[66, 2.0, 90264], [12, 94009, 1/5, 39.97110679306574], 13.89183]
[[53, 2.0, 2934], [1, 20249, 1/2, 2.8530204106000188], 0.82248]
[[53, 2.0, 2934], [2, 20249, 1/4, 4.520761941331296], 1.435849]
[[66, 2.0, 90264], [13, 94009, 1/6, 42.944756832326775], 15.013349]
[[217, 2.0, 91919], [15, 12020, 1/8, 66.62859072257434], 65.061633]
[[53, 2.0, 2934], [3, 20249, 1/6, 8.28604986452041], 2.267052]
[[66, 2.0, 90264], [14, 94009, 2/13, 44.852857037523414], 15.872326]
[[53, 2.0, 2934], [4, 20249, 1/8, 11.824152230194493], 2.670419]
[[66, 2.0, 90264], [15, 94009, 2/15, 49.53664615584529], 16.795654]
[[53, 2.0, 2934], [5, 20249, 1/8, 15.73097122743738], 2.995535]
[[66, 2.0, 90264], [16, 94009, 2/15, 52.38440806654695], 17.163143]
[[53, 2.0, 2934], [6, 20249, 1/10, 17.067581426889124], 3.126108]
[[53, 2.0, 2934], [7, 20249, 1/10, 18.106655336250864], 4.465386]
[[217, 2.0, 91919], [16, 12020, 1/10, 75.06542921591698], 71.240807]
[[53, 2.0, 2934], [8, 20249, 1/10, 21.29967927245696], 4.876649]
[[53, 2.0, 2934], [9, 20249, 1/10, 23.964276607007676], 5.169757]
[[500, 2.0, 44584], [10, 81369, 2/7, 84.4763167970153], 128.285505]
[[53, 2.0, 2934], [10, 20249, 1/10, 27.841058184462703], 6.38534]
[[53, 2.0, 2934], [11, 20249, 1/12, 31.16305687132105], 6.803993]
[[53, 2.0, 2934], [12, 20249, 1/12, 34.18867479052409], 7.345717]
[[53, 2.0, 2934], [13, 20249, 1/14, 37.48091484875134], 8.472729]
[[53, 2.0, 2934], [14, 20249, 1/16, 41.003520271781134], 8.893863]
[[53, 2.0, 2934], [15, 20249, 1/18, 44.446819506747374], 9.420637]
[[53, 2.0, 2934], [16, 20249, 1/18, 47.39521627289333], 10.381196]
[[444, 2.0, 96501], [1, 60345, 1/1, 6.583034344396012], 8.772925]
[[444, 2.0, 96501], [2, 60345, 1/1, 19.523768121307327], 16.082962]
[[444, 2.0, 96501], [3, 60345, 1/2, 30.090468169296066], 21.822752]
[[444, 2.0, 96501], [4, 60345, 1/2, 31.081784476861106], 27.613405]
[[500, 2.0, 44584], [11, 81369, 2/7, 88.75554681454607], 164.235979]
[[444, 2.0, 96501], [5, 60345, 1/2, 39.45985477743519], 34.166827]
[[444, 2.0, 96501], [6, 60345, 1/2, 48.529390298745554], 39.199982]
[[444, 2.0, 96501], [7, 60345, 1/2, 60.72299277930411], 47.98623]
[[88, 2.0, 29130], [1, 17443, 1/1, 3.019501135835128], 1.177627]
[[444, 2.0, 96501], [8, 60345, 1/2, 67.5668161658897], 55.395261]
[[88, 2.0, 29130], [2, 17443, 1/1, 5.56297425607562], 2.212228]
[[88, 2.0, 29130], [3, 17443, 2/3, 9.518337862546305], 3.157649]
[[88, 2.0, 29130], [4, 17443, 1/2, 15.387142420473491], 4.528474]
[[500, 2.0, 44584], [12, 81369, 5/18, 91.46282441469289], 211.057375]
[[88, 2.0, 29130], [5, 17443, 2/5, 20.256657320044443], 5.79526]
[[88, 2.0, 29130], [6, 17443, 1/3, 21.739187871542647], 7.041983]
[[88, 2.0, 29130], [7, 17443, 3/10, 23.397550927432754], 8.308624]
[[444, 2.0, 96501], [9, 60345, 5/12, 77.00618489399179], 84.54506]
[[88, 2.0, 29130], [8, 17443, 1/4, 27.363298101824203], 9.20805]
[[88, 2.0, 29130], [9, 17443, 1/5, 33.24498294183446], 10.410695]
[[88, 2.0, 29130], [10, 17443, 1/5, 34.157873694687275], 12.449443]
[[500, 2.0, 44584], [13, 81369, 5/18, 95.17579369291839], 242.013648]
[[88, 2.0, 29130], [11, 17443, 1/6, 38.82614715422295], 13.609639]
[[88, 2.0, 29130], [12, 17443, 1/7, 40.64762476625571], 14.60882]
[[444, 2.0, 96501], [10, 60345, 5/12, 89.96000378740239], 108.946738]
[[37, 2.0, 46843], [1, 82664, 1/1, 2.6921296858802712], 0.692986]
[[88, 2.0, 29130], [13, 17443, 1/7, 42.250801238511315], 16.463016]
[[37, 2.0, 46843], [2, 82664, 2/3, 4.022310621069176], 1.312345]
[[37, 2.0, 46843], [3, 82664, 1/2, 6.288093600391997], 1.564495]
[[37, 2.0, 46843], [4, 82664, 1/2, 6.683581077087363], 2.064351]
[[88, 2.0, 29130], [14, 17443, 1/8, 46.25743657724776], 21.959901]
[[37, 2.0, 46843], [5, 82664, 1/2, 7.492564640332458], 2.641904]
[[37, 2.0, 46843], [6, 82664, 4/9, 7.719404942475888], 3.661659]
[[88, 2.0, 29130], [15, 17443, 1/8, 48.97210787107843], 23.770317]
[[37, 2.0, 46843], [7, 82664, 1/4, 10.879218485004117], 3.95797]
[[88, 2.0, 29130], [16, 17443, 1/8, 50.79098686207587], 25.151613]
[[37, 2.0, 46843], [8, 82664, 1/4, 11.506129809559564], 4.5173]
[[37, 2.0, 46843], [9, 82664, 1/4, 13.564144527719938], 4.929558]
[[37, 2.0, 46843], [10, 82664, 1/4, 14.569307176350932], 5.736944]
[[37, 2.0, 46843], [11, 82664, 1/4, 15.165271493414465], 6.190743]
[[37, 2.0, 46843], [12, 82664, 1/4, 17.778289953475294], 6.48461]
[[37, 2.0, 46843], [13, 82664, 1/6, 19.247541228189547], 7.748916]
[[91, 2.0, 39357], [1, 89000, 1/1, 2.9188074359469365], 2.002327]
[[37, 2.0, 46843], [14, 82664, 1/6, 19.728939501611062], 8.968334]
[[37, 2.0, 46843], [15, 82664, 1/6, 20.355373738744316], 8.869311]
[[91, 2.0, 39357], [2, 89000, 1/2, 6.2293201797186475], 3.634322]
[[37, 2.0, 46843], [16, 82664, 1/6, 21.757682527313488], 9.446229]
[[91, 2.0, 39357], [3, 89000, 1/3, 8.968241232917793], 4.897601]
[[91, 2.0, 39357], [4, 89000, 1/3, 11.333391648780792], 5.719857]
[[91, 2.0, 39357], [5, 89000, 1/3, 17.213038679316796], 7.648007]
[[91, 2.0, 39357], [6, 89000, 1/4, 23.368988384728706], 8.527443]
[[444, 2.0, 96501], [11, 60345, 5/14, 97.74096018896495], 159.852254]
[[91, 2.0, 39357], [7, 89000, 1/4, 26.6909821004146], 10.657138]
[[91, 2.0, 39357], [8, 89000, 1/5, 29.419914279930946], 11.255489]
[[91, 2.0, 39357], [9, 89000, 2/11, 32.9525064658537], 13.511191]
[[91, 2.0, 39357], [10, 89000, 2/11, 34.30201536683864], 14.247497]
[[500, 2.0, 44584], [14, 81369, 1/4, 103.5223799324966], 324.436593]
[[91, 2.0, 39357], [11, 89000, 2/11, 35.68780436308608], 15.267312]
[[41, 2.0, 74675], [1, 71629, 1/1, 1.3768634221478082], 0.556309]
[[91, 2.0, 39357], [12, 89000, 2/11, 40.51642143809809], 16.716997]
[[41, 2.0, 74675], [2, 71629, 7/8, 3.287322165117967], 1.070126]
[[41, 2.0, 74675], [3, 71629, 7/8, 4.346641261814793], 1.334203]
[[41, 2.0, 74675], [4, 71629, 7/8, 4.579807518972697], 1.735028]
[[91, 2.0, 39357], [13, 89000, 1/6, 45.53639584964145], 18.570997]
[[41, 2.0, 74675], [5, 71629, 1/2, 5.490293478962649], 1.795426]
[[91, 2.0, 39357], [14, 89000, 1/6, 48.13190580474209], 20.275382]
[[41, 2.0, 74675], [6, 71629, 1/2, 5.723459736120553], 1.86947]
[[91, 2.0, 39357], [15, 89000, 3/20, 49.870419782452615], 21.452007]
[[41, 2.0, 74675], [7, 71629, 1/2, 7.1423182610809555], 2.586831]
[[41, 2.0, 74675], [8, 71629, 6/13, 9.429431436332864], 2.941004]
[[41, 2.0, 74675], [9, 71629, 3/8, 12.196669537759004], 3.033106]
[[41, 2.0, 74675], [10, 71629, 1/3, 13.279403441706037], 3.560024]
[[41, 2.0, 74675], [11, 71629, 3/11, 16.143624315059867], 4.4105]
[[91, 2.0, 39357], [16, 89000, 1/7, 55.396143484412065], 22.192414]
[[41, 2.0, 74675], [12, 71629, 3/13, 18.52798141397158], 4.70963]
[[41, 2.0, 74675], [13, 71629, 3/13, 19.794776137115267], 5.007581]
[[444, 2.0, 96501], [12, 60345, 3/10, 100.9592822169229], 191.9338]
[[41, 2.0, 74675], [14, 71629, 3/14, 20.712411444463527], 5.333938]
[[41, 2.0, 74675], [15, 71629, 1/5, 22.335305208416838], 6.246812]
[[41, 2.0, 74675], [16, 71629, 3/16, 24.515667004094222], 6.220284]
[[475, 2.0, 80821], [1, 23025, 1/1, 8.307437077903106], 9.871444]
[[475, 2.0, 80821], [2, 23025, 1/2, 22.369151586149407], 15.706851]
[[475, 2.0, 80821], [3, 23025, 1/2, 26.147807276354474], 22.602667]
[[500, 2.0, 44584], [15, 81369, 2/9, 109.14750233235648], 372.653033]
[[475, 2.0, 80821], [4, 23025, 1/2, 36.74204111272296], 26.409644]
[[444, 2.0, 96501], [13, 60345, 1/4, 106.77055653106893], 213.017096]
[[475, 2.0, 80821], [5, 23025, 1/2, 44.765454575779046], 32.599096]
[[475, 2.0, 80821], [6, 23025, 1/2, 49.728592736611006], 39.269781]
[[36, 2.0, 92785], [1, 54618, 1/2, 3.2012244528981983], 0.374649]
[[475, 2.0, 80821], [7, 23025, 1/2, 59.67005304753043], 44.549147]
[[36, 2.0, 92785], [2, 54618, 1/4, 5.450017919836785], 0.66929]
[[36, 2.0, 92785], [3, 54618, 1/6, 8.029840390640572], 0.870872]
[[36, 2.0, 92785], [4, 54618, 1/6, 8.7484225299219], 1.125499]
[[36, 2.0, 92785], [5, 54618, 1/6, 9.978941169834942], 1.406167]
[[36, 2.0, 92785], [6, 54618, 1/6, 11.644022924750853], 1.577755]
[[36, 2.0, 92785], [7, 54618, 1/6, 12.29938763370651], 2.081504]
[[36, 2.0, 92785], [8, 54618, 1/6, 15.151614601296927], 2.427207]
[[36, 2.0, 92785], [9, 54618, 1/6, 17.117821772541735], 2.646294]
[[36, 2.0, 92785], [10, 54618, 1/8, 19.919186923765633], 2.897894]
[[475, 2.0, 80821], [8, 23025, 1/2, 65.47554663039703], 64.517653]
[[500, 2.0, 44584], [16, 81369, 2/9, 111.76813715364665], 419.079864]
[[444, 2.0, 96501], [14, 60345, 1/4, 116.38357195078979], 255.866444]
[[36, 2.0, 92785], [11, 54618, 1/9, 21.419362543184842], 3.251513]
[[36, 2.0, 92785], [12, 54618, 1/9, 23.5361503099326], 3.739207]
[[36, 2.0, 92785], [13, 54618, 1/11, 26.335048873601608], 4.242026]
[[36, 2.0, 92785], [14, 54618, 1/11, 27.54200015621452], 4.603334]
[[36, 2.0, 92785], [15, 54618, 1/11, 28.965244687839597], 5.24618]
[[36, 2.0, 92785], [16, 54618, 1/13, 31.72993942250654], 5.596879]
[[475, 2.0, 49592], [1, 47441, 1/1, 3.370623098112372], 7.645981]
[[475, 2.0, 80821], [9, 23025, 2/5, 75.3268980962523], 85.088936]
[[475, 2.0, 49592], [2, 47441, 1/2, 15.467224251377736], 13.136367]
[[444, 2.0, 96501], [15, 60345, 1/4, 127.04223478682181], 272.622994]
[[475, 2.0, 49592], [3, 47441, 1/2, 16.29767788056389], 20.232171]
[[475, 2.0, 49592], [4, 47441, 1/2, 17.6526202678102], 29.675371]
[[475, 2.0, 49592], [5, 47441, 1/2, 21.086028180782037], 39.693931]
[[475, 2.0, 80821], [10, 23025, 1/3, 80.05099730310906], 123.103375]
[[444, 2.0, 96501], [16, 60345, 1/4, 131.9731963372353], 309.73464]
[[475, 2.0, 49592], [6, 47441, 1/2, 29.315359908930752], 51.616674]
[[475, 2.0, 49592], [7, 47441, 1/2, 33.30937982540682], 59.748088]
[[475, 2.0, 80821], [11, 23025, 1/3, 89.66597142661527], 168.363921]
[[475, 2.0, 49592], [8, 47441, 1/2, 36.79192345902622], 89.568857]
[[76, 2.0, 91449], [1, 20239, 1/1, 0.8016374104757132], 1.363284]
[[76, 2.0, 91449], [2, 20239, 1/2, 2.2922499972360426], 1.82502]
[[76, 2.0, 91449], [3, 20239, 1/2, 4.296386140600403], 3.365056]
[[76, 2.0, 91449], [4, 20239, 1/2, 9.551214013665946], 4.311257]
[[76, 2.0, 91449], [5, 20239, 1/2, 11.203138122731207], 5.839865]
[[76, 2.0, 91449], [6, 20239, 1/2, 16.222897913834103], 6.999394]
[[475, 2.0, 49592], [9, 47441, 1/2, 48.088244098805326], 126.522653]
[[76, 2.0, 91449], [7, 20239, 1/4, 19.673465892352205], 7.851109]
[[76, 2.0, 91449], [8, 20239, 1/6, 21.912336050636114], 8.857651]
[[76, 2.0, 91449], [9, 20239, 1/6, 24.571083160049856], 11.043935]
[[76, 2.0, 91449], [10, 20239, 1/8, 28.322639882369085], 12.120494]
[[76, 2.0, 91449], [11, 20239, 1/8, 29.13468174774256], 14.405412]
[[475, 2.0, 80821], [12, 23025, 5/16, 96.36965270978654], 229.444745]
[[76, 2.0, 91449], [12, 20239, 1/8, 31.834332440180006], 17.415979]
[[76, 2.0, 91449], [13, 20239, 1/8, 33.012319284378314], 18.242383]
[[76, 2.0, 91449], [14, 20239, 1/8, 35.777039204360904], 19.602038]
[[207, 2.0, 43624], [1, 71065, 1/2, 4.305994491466273], 5.594726]
[[76, 2.0, 91449], [15, 20239, 1/8, 37.946981736094116], 21.793051]
[[475, 2.0, 49592], [10, 47441, 1/2, 55.23388394465806], 176.812125]
[[76, 2.0, 91449], [16, 20239, 1/9, 42.10592929686307], 22.947906]
[[207, 2.0, 43624], [2, 71065, 1/4, 11.116613555939427], 10.46601]
[[207, 2.0, 43624], [3, 71065, 1/4, 13.344554906681353], 13.761709]
[[207, 2.0, 43624], [4, 71065, 1/6, 16.561449597897287], 18.265089]
[[207, 2.0, 43624], [5, 71065, 1/8, 23.810955112683104], 23.512388]
[[207, 2.0, 43624], [6, 71065, 1/8, 27.279098515349045], 27.786887]
[[475, 2.0, 80821], [13, 23025, 5/18, 110.40659460079696], 305.781356]
[[207, 2.0, 43624], [7, 71065, 1/10, 37.28308571717139], 33.432184]
[[207, 2.0, 43624], [8, 71065, 1/12, 45.097668108818425], 35.695182]
[[475, 2.0, 49592], [11, 47441, 1/2, 60.8993862197744], 234.277134]
[[207, 2.0, 43624], [9, 71065, 1/14, 55.7063330121847], 41.075537]
[[207, 2.0, 43624], [10, 71065, 1/14, 57.47173398438066], 47.313339]
[[182, 2.0, 62783], [1, 15663, 1/1, 3.4147750591418777], 4.989177]
[[207, 2.0, 43624], [11, 71065, 1/16, 64.15030960627166], 47.356157]
[[475, 2.0, 80821], [14, 23025, 5/18, 116.62921153285951], 356.896276]
[[182, 2.0, 62783], [2, 15663, 1/2, 8.495538061284034], 6.705419]
[[207, 2.0, 43624], [12, 71065, 1/16, 67.75398594546044], 53.290978]
[[207, 2.0, 43624], [13, 71065, 1/16, 69.90322629374664], 54.941993]
[[182, 2.0, 62783], [3, 15663, 1/2, 14.640314534342352], 8.922336]
[[182, 2.0, 62783], [4, 15663, 1/2, 19.918121450201035], 11.538693]
[[475, 2.0, 49592], [12, 47441, 1/2, 67.31827293993179], 274.983386]
[[182, 2.0, 62783], [5, 15663, 1/2, 23.508789780080964], 13.585143]
[[207, 2.0, 43624], [14, 71065, 1/18, 76.11818714660879], 57.272867]
[[182, 2.0, 62783], [6, 15663, 1/4, 27.172079882108378], 15.826137]
[[207, 2.0, 43624], [15, 71065, 1/18, 79.80219006641188], 59.615179]
[[182, 2.0, 62783], [7, 15663, 1/4, 30.641630205345837], 17.176976]
[[207, 2.0, 43624], [16, 71065, 1/20, 82.74254918394581], 59.65211]
[[182, 2.0, 62783], [8, 15663, 1/4, 34.97058249035797], 20.541445]
[[182, 2.0, 62783], [9, 15663, 1/4, 38.17732414133311], 22.051031]
[[165, 2.0, 2627], [1, 39419, 1/2, 7.1245828203228685], 2.259524]
[[182, 2.0, 62783], [10, 15663, 1/5, 40.381945062676216], 25.777159]
[[165, 2.0, 2627], [2, 39419, 1/2, 8.61903336989347], 3.734204]
[[165, 2.0, 2627], [3, 39419, 1/2, 11.490270321364498], 5.300131]
[[182, 2.0, 62783], [11, 15663, 1/5, 47.484199930532824], 27.378975]
[[182, 2.0, 62783], [12, 15663, 1/5, 50.90018265865822], 29.444071]
[[165, 2.0, 2627], [4, 39419, 1/4, 18.804393540482423], 7.502394]
[[475, 2.0, 49592], [13, 47441, 11/26, 73.57828931922302], 307.813508]
[[165, 2.0, 2627], [5, 39419, 1/4, 19.27048301410608], 9.662452]
[[182, 2.0, 62783], [13, 15663, 1/5, 53.733871153949245], 33.670249]
